{"/Users/jc0362/Dropbox/ComicsScroller/src/js/component/Loading/index.jsx": {"path":"/Users/jc0362/Dropbox/ComicsScroller/src/js/component/Loading/index.jsx","statementMap":{"0":{"start":{"line":7,"column":4},"end":{"line":13,"column":6}}},"fnMap":{"0":{"name":"(anonymous_0)","decl":{"start":{"line":6,"column":2},"end":{"line":6,"column":3}},"loc":{"start":{"line":6,"column":11},"end":{"line":14,"column":3}},"line":6}},"branchMap":{},"s":{"0":2},"f":{"0":2},"b":{},"_coverageSchema":"332fd63041d2c1bcb487cc26dd0d5f7d97098a6c","hash":"1081c50bb3d277447f82feb03534f5db61cc8fa0"}
}
