{"/Users/jc0362/Dropbox/ComicsScroller/src/js/component/ComicImage/index.jsx": {"path":"/Users/jc0362/Dropbox/ComicsScroller/src/js/component/ComicImage/index.jsx","statementMap":{"0":{"start":{"line":8,"column":2},"end":{"line":19,"column":3}},"1":{"start":{"line":10,"column":6},"end":{"line":10,"column":27}},"2":{"start":{"line":12,"column":6},"end":{"line":12,"column":31}},"3":{"start":{"line":14,"column":6},"end":{"line":14,"column":34}},"4":{"start":{"line":16,"column":6},"end":{"line":16,"column":30}},"5":{"start":{"line":18,"column":6},"end":{"line":18,"column":31}},"6":{"start":{"line":43,"column":4},"end":{"line":43,"column":35}},"7":{"start":{"line":44,"column":4},"end":{"line":44,"column":36}},"8":{"start":{"line":45,"column":24},"end":{"line":45,"column":42}},"9":{"start":{"line":46,"column":4},"end":{"line":54,"column":5}},"10":{"start":{"line":47,"column":6},"end":{"line":51,"column":7}},"11":{"start":{"line":48,"column":8},"end":{"line":48,"column":77}},"12":{"start":{"line":50,"column":8},"end":{"line":50,"column":67}},"13":{"start":{"line":53,"column":6},"end":{"line":53,"column":68}},"14":{"start":{"line":55,"column":4},"end":{"line":55,"column":39}},"15":{"start":{"line":59,"column":4},"end":{"line":74,"column":6}},"16":{"start":{"line":79,"column":20},"end":{"line":79,"column":25}},"17":{"start":{"line":80,"column":2},"end":{"line":86,"column":4}},"18":{"start":{"line":81,"column":4},"end":{"line":85,"column":6}}},"fnMap":{"0":{"name":"getImgClass","decl":{"start":{"line":7,"column":16},"end":{"line":7,"column":27}},"loc":{"start":{"line":7,"column":42},"end":{"line":20,"column":1}},"line":7},"1":{"name":"(anonymous_1)","decl":{"start":{"line":42,"column":19},"end":{"line":42,"column":20}},"loc":{"start":{"line":42,"column":24},"end":{"line":56,"column":3}},"line":42},"2":{"name":"(anonymous_2)","decl":{"start":{"line":58,"column":2},"end":{"line":58,"column":3}},"loc":{"start":{"line":58,"column":11},"end":{"line":75,"column":3}},"line":58},"3":{"name":"makeMapStateToProps","decl":{"start":{"line":78,"column":9},"end":{"line":78,"column":28}},"loc":{"start":{"line":78,"column":43},"end":{"line":87,"column":1}},"line":78},"4":{"name":"mapStateToProps","decl":{"start":{"line":80,"column":18},"end":{"line":80,"column":33}},"loc":{"start":{"line":80,"column":46},"end":{"line":86,"column":3}},"line":80}},"branchMap":{"0":{"loc":{"start":{"line":8,"column":2},"end":{"line":19,"column":3}},"type":"switch","locations":[{"start":{"line":9,"column":4},"end":{"line":10,"column":27}},{"start":{"line":11,"column":4},"end":{"line":12,"column":31}},{"start":{"line":13,"column":4},"end":{"line":14,"column":34}},{"start":{"line":15,"column":4},"end":{"line":16,"column":30}},{"start":{"line":17,"column":4},"end":{"line":18,"column":31}}],"line":8},"1":{"loc":{"start":{"line":46,"column":4},"end":{"line":54,"column":5}},"type":"if","locations":[{"start":{"line":46,"column":4},"end":{"line":54,"column":5}},{"start":{"line":46,"column":4},"end":{"line":54,"column":5}}],"line":46},"2":{"loc":{"start":{"line":47,"column":6},"end":{"line":51,"column":7}},"type":"if","locations":[{"start":{"line":47,"column":6},"end":{"line":51,"column":7}},{"start":{"line":47,"column":6},"end":{"line":51,"column":7}}],"line":47},"3":{"loc":{"start":{"line":61,"column":9},"end":{"line":63,"column":21}},"type":"cond-expr","locations":[{"start":{"line":62,"column":12},"end":{"line":62,"column":33}},{"start":{"line":63,"column":12},"end":{"line":63,"column":21}}],"line":61},"4":{"loc":{"start":{"line":61,"column":9},"end":{"line":61,"column":59}},"type":"binary-expr","locations":[{"start":{"line":61,"column":9},"end":{"line":61,"column":30}},{"start":{"line":61,"column":34},"end":{"line":61,"column":59}}],"line":61},"5":{"loc":{"start":{"line":64,"column":9},"end":{"line":71,"column":21}},"type":"cond-expr","locations":[{"start":{"line":65,"column":12},"end":{"line":70,"column":12}},{"start":{"line":71,"column":12},"end":{"line":71,"column":21}}],"line":64},"6":{"loc":{"start":{"line":64,"column":9},"end":{"line":64,"column":57}},"type":"binary-expr","locations":[{"start":{"line":64,"column":9},"end":{"line":64,"column":28}},{"start":{"line":64,"column":32},"end":{"line":64,"column":57}}],"line":64},"7":{"loc":{"start":{"line":66,"column":19},"end":{"line":66,"column":73}},"type":"cond-expr","locations":[{"start":{"line":66,"column":42},"end":{"line":66,"column":51}},{"start":{"line":66,"column":54},"end":{"line":66,"column":73}}],"line":66},"8":{"loc":{"start":{"line":72,"column":9},"end":{"line":72,"column":58}},"type":"cond-expr","locations":[{"start":{"line":72,"column":37},"end":{"line":72,"column":46}},{"start":{"line":72,"column":49},"end":{"line":72,"column":58}}],"line":72}},"s":{"0":1,"1":0,"2":0,"3":0,"4":0,"5":1,"6":0,"7":0,"8":0,"9":0,"10":0,"11":0,"12":0,"13":0,"14":0,"15":1,"16":0,"17":0,"18":0},"f":{"0":1,"1":0,"2":1,"3":0,"4":0},"b":{"0":[0,0,0,0,1],"1":[0,0],"2":[0,0],"3":[1,0],"4":[1,1],"5":[1,0],"6":[1,1],"7":[0,1],"8":[0,1]},"_coverageSchema":"332fd63041d2c1bcb487cc26dd0d5f7d97098a6c","hash":"8ff954109b116f5190a21b42ced4fd9d55ff71b6"}
,"/Users/jc0362/Dropbox/ComicsScroller/src/js/component/Loading/index.jsx": {"path":"/Users/jc0362/Dropbox/ComicsScroller/src/js/component/Loading/index.jsx","statementMap":{"0":{"start":{"line":7,"column":4},"end":{"line":13,"column":6}}},"fnMap":{"0":{"name":"(anonymous_0)","decl":{"start":{"line":6,"column":2},"end":{"line":6,"column":3}},"loc":{"start":{"line":6,"column":11},"end":{"line":14,"column":3}},"line":6}},"branchMap":{},"s":{"0":2},"f":{"0":2},"b":{},"_coverageSchema":"332fd63041d2c1bcb487cc26dd0d5f7d97098a6c","hash":"1081c50bb3d277447f82feb03534f5db61cc8fa0"}
,"/Users/jc0362/Dropbox/ComicsScroller/src/js/container/App/reducers/comicBusEpic.js": {"path":"/Users/jc0362/Dropbox/ComicsScroller/src/js/container/App/reducers/comicBusEpic.js","statementMap":{"0":{"start":{"line":31,"column":16},"end":{"line":31,"column":41}},"1":{"start":{"line":32,"column":22},"end":{"line":32,"column":37}},"2":{"start":{"line":33,"column":24},"end":{"line":33,"column":41}},"3":{"start":{"line":34,"column":23},"end":{"line":34,"column":39}},"4":{"start":{"line":35,"column":22},"end":{"line":35,"column":37}},"5":{"start":{"line":43,"column":2},"end":{"line":114,"column":5}},"6":{"start":{"line":48,"column":4},"end":{"line":52,"column":6}},"7":{"start":{"line":53,"column":13},"end":{"line":53,"column":42}},"8":{"start":{"line":54,"column":4},"end":{"line":56,"column":5}},"9":{"start":{"line":55,"column":6},"end":{"line":55,"column":28}},"10":{"start":{"line":57,"column":14},"end":{"line":57,"column":16}},"11":{"start":{"line":58,"column":4},"end":{"line":60,"column":5}},"12":{"start":{"line":59,"column":6},"end":{"line":59,"column":28}},"13":{"start":{"line":61,"column":4},"end":{"line":65,"column":5}},"14":{"start":{"line":62,"column":6},"end":{"line":62,"column":13}},"15":{"start":{"line":64,"column":6},"end":{"line":64,"column":28}},"16":{"start":{"line":66,"column":15},"end":{"line":69,"column":5}},"17":{"start":{"line":67,"column":16},"end":{"line":67,"column":37}},"18":{"start":{"line":68,"column":6},"end":{"line":68,"column":55}},"19":{"start":{"line":70,"column":15},"end":{"line":70,"column":63}},"20":{"start":{"line":70,"column":21},"end":{"line":70,"column":62}},"21":{"start":{"line":71,"column":15},"end":{"line":71,"column":70}},"22":{"start":{"line":71,"column":20},"end":{"line":71,"column":70}},"23":{"start":{"line":72,"column":12},"end":{"line":72,"column":14}},"24":{"start":{"line":74,"column":15},"end":{"line":74,"column":24}},"25":{"start":{"line":75,"column":4},"end":{"line":81,"column":5}},"26":{"start":{"line":77,"column":6},"end":{"line":80,"column":7}},"27":{"start":{"line":78,"column":8},"end":{"line":78,"column":32}},"28":{"start":{"line":79,"column":8},"end":{"line":79,"column":14}},"29":{"start":{"line":82,"column":4},"end":{"line":85,"column":5}},"30":{"start":{"line":83,"column":6},"end":{"line":83,"column":28}},"31":{"start":{"line":84,"column":6},"end":{"line":84,"column":13}},"32":{"start":{"line":86,"column":15},"end":{"line":86,"column":26}},"33":{"start":{"line":87,"column":20},"end":{"line":87,"column":22}},"34":{"start":{"line":89,"column":4},"end":{"line":110,"column":5}},"35":{"start":{"line":90,"column":14},"end":{"line":90,"column":16}},"36":{"start":{"line":91,"column":17},"end":{"line":91,"column":26}},"37":{"start":{"line":92,"column":6},"end":{"line":98,"column":7}},"38":{"start":{"line":94,"column":8},"end":{"line":97,"column":9}},"39":{"start":{"line":95,"column":10},"end":{"line":95,"column":34}},"40":{"start":{"line":96,"column":10},"end":{"line":96,"column":16}},"41":{"start":{"line":99,"column":6},"end":{"line":103,"column":7}},"42":{"start":{"line":100,"column":8},"end":{"line":100,"column":30}},"43":{"start":{"line":102,"column":8},"end":{"line":102,"column":17}},"44":{"start":{"line":105,"column":18},"end":{"line":105,"column":142}},"45":{"start":{"line":106,"column":6},"end":{"line":109,"column":9}},"46":{"start":{"line":112,"column":4},"end":{"line":112,"column":52}},"47":{"start":{"line":118,"column":2},"end":{"line":132,"column":5}},"48":{"start":{"line":119,"column":31},"end":{"line":119,"column":64}},"49":{"start":{"line":120,"column":4},"end":{"line":131,"column":9}},"50":{"start":{"line":122,"column":8},"end":{"line":127,"column":10}},"51":{"start":{"line":130,"column":8},"end":{"line":130,"column":46}},"52":{"start":{"line":136,"column":2},"end":{"line":136,"column":47}},"53":{"start":{"line":140,"column":2},"end":{"line":197,"column":5}},"54":{"start":{"line":144,"column":25},"end":{"line":144,"column":57}},"55":{"start":{"line":145,"column":21},"end":{"line":145,"column":54}},"56":{"start":{"line":146,"column":18},"end":{"line":148,"column":17}},"57":{"start":{"line":149,"column":21},"end":{"line":151,"column":9}},"58":{"start":{"line":152,"column":24},"end":{"line":161,"column":5}},"59":{"start":{"line":154,"column":20},"end":{"line":154,"column":71}},"60":{"start":{"line":155,"column":8},"end":{"line":155,"column":51}},"61":{"start":{"line":158,"column":20},"end":{"line":158,"column":71}},"62":{"start":{"line":159,"column":8},"end":{"line":159,"column":51}},"63":{"start":{"line":162,"column":21},"end":{"line":195,"column":5}},"64":{"start":{"line":166,"column":22},"end":{"line":166,"column":73}},"65":{"start":{"line":167,"column":10},"end":{"line":175,"column":12}},"66":{"start":{"line":182,"column":22},"end":{"line":182,"column":73}},"67":{"start":{"line":183,"column":10},"end":{"line":191,"column":12}},"68":{"start":{"line":196,"column":4},"end":{"line":196,"column":69}},"69":{"start":{"line":201,"column":2},"end":{"line":281,"column":4}},"70":{"start":{"line":202,"column":4},"end":{"line":280,"column":6}},"71":{"start":{"line":203,"column":6},"end":{"line":279,"column":8}},"72":{"start":{"line":211,"column":31},"end":{"line":214,"column":11}},"73":{"start":{"line":213,"column":20},"end":{"line":213,"column":43}},"74":{"start":{"line":215,"column":10},"end":{"line":277,"column":13}},"75":{"start":{"line":218,"column":28},"end":{"line":255,"column":13}},"76":{"start":{"line":223,"column":18},"end":{"line":224,"column":57}},"77":{"start":{"line":234,"column":20},"end":{"line":235,"column":53}},"78":{"start":{"line":256,"column":12},"end":{"line":258,"column":15}},"79":{"start":{"line":259,"column":30},"end":{"line":262,"column":13}},"80":{"start":{"line":261,"column":23},"end":{"line":261,"column":79}},"81":{"start":{"line":263,"column":12},"end":{"line":276,"column":14}},"82":{"start":{"line":267,"column":31},"end":{"line":275,"column":15}},"83":{"start":{"line":285,"column":2},"end":{"line":285,"column":42}},"84":{"start":{"line":289,"column":2},"end":{"line":304,"column":5}},"85":{"start":{"line":290,"column":28},"end":{"line":290,"column":51}},"86":{"start":{"line":291,"column":20},"end":{"line":291,"column":45}},"87":{"start":{"line":292,"column":4},"end":{"line":303,"column":7}},"88":{"start":{"line":293,"column":25},"end":{"line":293,"column":65}},"89":{"start":{"line":294,"column":6},"end":{"line":301,"column":7}},"90":{"start":{"line":295,"column":8},"end":{"line":300,"column":10}},"91":{"start":{"line":302,"column":6},"end":{"line":302,"column":40}},"92":{"start":{"line":308,"column":2},"end":{"line":308,"column":41}},"93":{"start":{"line":312,"column":2},"end":{"line":346,"column":4}},"94":{"start":{"line":313,"column":4},"end":{"line":345,"column":6}},"95":{"start":{"line":314,"column":40},"end":{"line":314,"column":63}},"96":{"start":{"line":315,"column":24},"end":{"line":315,"column":49}},"97":{"start":{"line":316,"column":22},"end":{"line":333,"column":7}},"98":{"start":{"line":320,"column":19},"end":{"line":320,"column":77}},"99":{"start":{"line":334,"column":6},"end":{"line":344,"column":9}},"100":{"start":{"line":337,"column":8},"end":{"line":339,"column":11}},"101":{"start":{"line":340,"column":8},"end":{"line":343,"column":10}},"102":{"start":{"line":350,"column":2},"end":{"line":350,"column":40}}},"fnMap":{"0":{"name":"fetchImgs$","decl":{"start":{"line":42,"column":9},"end":{"line":42,"column":19}},"loc":{"start":{"line":42,"column":37},"end":{"line":115,"column":1}},"line":42},"1":{"name":"fetchImgPageHandler","decl":{"start":{"line":46,"column":23},"end":{"line":46,"column":42}},"loc":{"start":{"line":46,"column":57},"end":{"line":114,"column":3}},"line":46},"2":{"name":"(anonymous_2)","decl":{"start":{"line":66,"column":15},"end":{"line":66,"column":16}},"loc":{"start":{"line":66,"column":31},"end":{"line":69,"column":5}},"line":66},"3":{"name":"(anonymous_3)","decl":{"start":{"line":70,"column":15},"end":{"line":70,"column":16}},"loc":{"start":{"line":70,"column":21},"end":{"line":70,"column":62}},"line":70},"4":{"name":"(anonymous_4)","decl":{"start":{"line":71,"column":15},"end":{"line":71,"column":16}},"loc":{"start":{"line":71,"column":20},"end":{"line":71,"column":70}},"line":71},"5":{"name":"fetchImgSrcEpic","decl":{"start":{"line":117,"column":16},"end":{"line":117,"column":31}},"loc":{"start":{"line":117,"column":60},"end":{"line":133,"column":1}},"line":117},"6":{"name":"(anonymous_6)","decl":{"start":{"line":118,"column":50},"end":{"line":118,"column":51}},"loc":{"start":{"line":118,"column":60},"end":{"line":132,"column":3}},"line":118},"7":{"name":"(anonymous_7)","decl":{"start":{"line":121,"column":14},"end":{"line":121,"column":15}},"loc":{"start":{"line":121,"column":22},"end":{"line":128,"column":7}},"line":121},"8":{"name":"(anonymous_8)","decl":{"start":{"line":129,"column":11},"end":{"line":129,"column":12}},"loc":{"start":{"line":129,"column":17},"end":{"line":131,"column":7}},"line":129},"9":{"name":"fetchImgSrc","decl":{"start":{"line":135,"column":16},"end":{"line":135,"column":27}},"loc":{"start":{"line":135,"column":56},"end":{"line":137,"column":1}},"line":135},"10":{"name":"fetchChapterPage$","decl":{"start":{"line":139,"column":16},"end":{"line":139,"column":33}},"loc":{"start":{"line":139,"column":47},"end":{"line":198,"column":1}},"line":139},"11":{"name":"fetchChapterPageHandler","decl":{"start":{"line":143,"column":23},"end":{"line":143,"column":46}},"loc":{"start":{"line":143,"column":61},"end":{"line":197,"column":3}},"line":143},"12":{"name":"(anonymous_12)","decl":{"start":{"line":153,"column":27},"end":{"line":153,"column":28}},"loc":{"start":{"line":153,"column":32},"end":{"line":156,"column":7}},"line":153},"13":{"name":"(anonymous_13)","decl":{"start":{"line":157,"column":23},"end":{"line":157,"column":24}},"loc":{"start":{"line":157,"column":28},"end":{"line":160,"column":7}},"line":157},"14":{"name":"(anonymous_14)","decl":{"start":{"line":165,"column":8},"end":{"line":165,"column":9}},"loc":{"start":{"line":165,"column":20},"end":{"line":176,"column":9}},"line":165},"15":{"name":"(anonymous_15)","decl":{"start":{"line":181,"column":8},"end":{"line":181,"column":9}},"loc":{"start":{"line":181,"column":20},"end":{"line":192,"column":9}},"line":181},"16":{"name":"fetchChapterEpic","decl":{"start":{"line":200,"column":16},"end":{"line":200,"column":32}},"loc":{"start":{"line":200,"column":47},"end":{"line":282,"column":1}},"line":200},"17":{"name":"(anonymous_17)","decl":{"start":{"line":201,"column":48},"end":{"line":201,"column":49}},"loc":{"start":{"line":202,"column":4},"end":{"line":280,"column":6}},"line":202},"18":{"name":"(anonymous_18)","decl":{"start":{"line":202,"column":40},"end":{"line":202,"column":41}},"loc":{"start":{"line":202,"column":67},"end":{"line":280,"column":5}},"line":202},"19":{"name":"(anonymous_19)","decl":{"start":{"line":210,"column":19},"end":{"line":210,"column":20}},"loc":{"start":{"line":210,"column":67},"end":{"line":278,"column":9}},"line":210},"20":{"name":"(anonymous_20)","decl":{"start":{"line":213,"column":12},"end":{"line":213,"column":13}},"loc":{"start":{"line":213,"column":20},"end":{"line":213,"column":43}},"line":213},"21":{"name":"(anonymous_21)","decl":{"start":{"line":217,"column":23},"end":{"line":217,"column":24}},"loc":{"start":{"line":217,"column":31},"end":{"line":277,"column":11}},"line":217},"22":{"name":"(anonymous_22)","decl":{"start":{"line":222,"column":16},"end":{"line":222,"column":17}},"loc":{"start":{"line":223,"column":18},"end":{"line":224,"column":57}},"line":223},"23":{"name":"(anonymous_23)","decl":{"start":{"line":233,"column":18},"end":{"line":233,"column":19}},"loc":{"start":{"line":234,"column":20},"end":{"line":235,"column":53}},"line":234},"24":{"name":"(anonymous_24)","decl":{"start":{"line":261,"column":14},"end":{"line":261,"column":15}},"loc":{"start":{"line":261,"column":23},"end":{"line":261,"column":79}},"line":261},"25":{"name":"(anonymous_25)","decl":{"start":{"line":267,"column":25},"end":{"line":267,"column":26}},"loc":{"start":{"line":267,"column":31},"end":{"line":275,"column":15}},"line":267},"26":{"name":"fetchChapter","decl":{"start":{"line":284,"column":16},"end":{"line":284,"column":28}},"loc":{"start":{"line":284,"column":46},"end":{"line":286,"column":1}},"line":284},"27":{"name":"fetchImgListEpic","decl":{"start":{"line":288,"column":16},"end":{"line":288,"column":32}},"loc":{"start":{"line":288,"column":61},"end":{"line":305,"column":1}},"line":288},"28":{"name":"(anonymous_28)","decl":{"start":{"line":289,"column":49},"end":{"line":289,"column":50}},"loc":{"start":{"line":289,"column":59},"end":{"line":304,"column":3}},"line":289},"29":{"name":"(anonymous_29)","decl":{"start":{"line":292,"column":40},"end":{"line":292,"column":41}},"loc":{"start":{"line":292,"column":57},"end":{"line":303,"column":5}},"line":292},"30":{"name":"fetchImgList","decl":{"start":{"line":307,"column":16},"end":{"line":307,"column":28}},"loc":{"start":{"line":307,"column":44},"end":{"line":309,"column":1}},"line":307},"31":{"name":"updateReadedEpic","decl":{"start":{"line":311,"column":16},"end":{"line":311,"column":32}},"loc":{"start":{"line":311,"column":78},"end":{"line":347,"column":1}},"line":311},"32":{"name":"(anonymous_32)","decl":{"start":{"line":312,"column":48},"end":{"line":312,"column":49}},"loc":{"start":{"line":313,"column":4},"end":{"line":345,"column":6}},"line":313},"33":{"name":"(anonymous_33)","decl":{"start":{"line":313,"column":65},"end":{"line":313,"column":66}},"loc":{"start":{"line":313,"column":73},"end":{"line":345,"column":5}},"line":313},"34":{"name":"(anonymous_34)","decl":{"start":{"line":320,"column":10},"end":{"line":320,"column":11}},"loc":{"start":{"line":320,"column":19},"end":{"line":320,"column":77}},"line":320},"35":{"name":"(anonymous_35)","decl":{"start":{"line":336,"column":17},"end":{"line":336,"column":18}},"loc":{"start":{"line":336,"column":23},"end":{"line":344,"column":7}},"line":336},"36":{"name":"updateReaded","decl":{"start":{"line":349,"column":16},"end":{"line":349,"column":28}},"loc":{"start":{"line":349,"column":44},"end":{"line":351,"column":1}},"line":349}},"branchMap":{"0":{"loc":{"start":{"line":54,"column":4},"end":{"line":56,"column":5}},"type":"if","locations":[{"start":{"line":54,"column":4},"end":{"line":56,"column":5}},{"start":{"line":54,"column":4},"end":{"line":56,"column":5}}],"line":54},"1":{"loc":{"start":{"line":58,"column":4},"end":{"line":60,"column":5}},"type":"if","locations":[{"start":{"line":58,"column":4},"end":{"line":60,"column":5}},{"start":{"line":58,"column":4},"end":{"line":60,"column":5}}],"line":58},"2":{"loc":{"start":{"line":61,"column":4},"end":{"line":65,"column":5}},"type":"if","locations":[{"start":{"line":61,"column":4},"end":{"line":65,"column":5}},{"start":{"line":61,"column":4},"end":{"line":65,"column":5}}],"line":61},"3":{"loc":{"start":{"line":68,"column":13},"end":{"line":68,"column":54}},"type":"cond-expr","locations":[{"start":{"line":68,"column":25},"end":{"line":68,"column":50}},{"start":{"line":68,"column":53},"end":{"line":68,"column":54}}],"line":68},"4":{"loc":{"start":{"line":70,"column":21},"end":{"line":70,"column":62}},"type":"cond-expr","locations":[{"start":{"line":70,"column":30},"end":{"line":70,"column":38}},{"start":{"line":70,"column":41},"end":{"line":70,"column":62}}],"line":70},"5":{"loc":{"start":{"line":70,"column":41},"end":{"line":70,"column":62}},"type":"cond-expr","locations":[{"start":{"line":70,"column":51},"end":{"line":70,"column":58}},{"start":{"line":70,"column":61},"end":{"line":70,"column":62}}],"line":70},"6":{"loc":{"start":{"line":77,"column":6},"end":{"line":80,"column":7}},"type":"if","locations":[{"start":{"line":77,"column":6},"end":{"line":80,"column":7}},{"start":{"line":77,"column":6},"end":{"line":80,"column":7}}],"line":77},"7":{"loc":{"start":{"line":82,"column":4},"end":{"line":85,"column":5}},"type":"if","locations":[{"start":{"line":82,"column":4},"end":{"line":85,"column":5}},{"start":{"line":82,"column":4},"end":{"line":85,"column":5}}],"line":82},"8":{"loc":{"start":{"line":94,"column":8},"end":{"line":97,"column":9}},"type":"if","locations":[{"start":{"line":94,"column":8},"end":{"line":97,"column":9}},{"start":{"line":94,"column":8},"end":{"line":97,"column":9}}],"line":94},"9":{"loc":{"start":{"line":99,"column":6},"end":{"line":103,"column":7}},"type":"if","locations":[{"start":{"line":99,"column":6},"end":{"line":103,"column":7}},{"start":{"line":99,"column":6},"end":{"line":103,"column":7}}],"line":99},"10":{"loc":{"start":{"line":123,"column":10},"end":{"line":126,"column":37}},"type":"binary-expr","locations":[{"start":{"line":123,"column":10},"end":{"line":123,"column":30}},{"start":{"line":124,"column":10},"end":{"line":124,"column":28}},{"start":{"line":125,"column":10},"end":{"line":125,"column":30}},{"start":{"line":126,"column":10},"end":{"line":126,"column":37}}],"line":123},"11":{"loc":{"start":{"line":170,"column":21},"end":{"line":172,"column":31}},"type":"cond-expr","locations":[{"start":{"line":171,"column":18},"end":{"line":171,"column":43}},{"start":{"line":172,"column":18},"end":{"line":172,"column":31}}],"line":170},"12":{"loc":{"start":{"line":186,"column":21},"end":{"line":188,"column":31}},"type":"cond-expr","locations":[{"start":{"line":187,"column":18},"end":{"line":187,"column":43}},{"start":{"line":188,"column":18},"end":{"line":188,"column":31}}],"line":186},"13":{"loc":{"start":{"line":223,"column":18},"end":{"line":224,"column":57}},"type":"binary-expr","locations":[{"start":{"line":223,"column":18},"end":{"line":223,"column":48}},{"start":{"line":224,"column":18},"end":{"line":224,"column":57}}],"line":223},"14":{"loc":{"start":{"line":234,"column":20},"end":{"line":235,"column":53}},"type":"binary-expr","locations":[{"start":{"line":234,"column":20},"end":{"line":234,"column":51}},{"start":{"line":235,"column":20},"end":{"line":235,"column":53}}],"line":234},"15":{"loc":{"start":{"line":248,"column":24},"end":{"line":250,"column":26}},"type":"cond-expr","locations":[{"start":{"line":249,"column":24},"end":{"line":249,"column":62}},{"start":{"line":250,"column":24},"end":{"line":250,"column":26}}],"line":248},"16":{"loc":{"start":{"line":257,"column":23},"end":{"line":257,"column":79}},"type":"cond-expr","locations":[{"start":{"line":257,"column":53},"end":{"line":257,"column":55}},{"start":{"line":257,"column":58},"end":{"line":257,"column":79}}],"line":257},"17":{"loc":{"start":{"line":261,"column":23},"end":{"line":261,"column":79}},"type":"binary-expr","locations":[{"start":{"line":261,"column":23},"end":{"line":261,"column":48}},{"start":{"line":261,"column":52},"end":{"line":261,"column":79}}],"line":261},"18":{"loc":{"start":{"line":294,"column":6},"end":{"line":301,"column":7}},"type":"if","locations":[{"start":{"line":294,"column":6},"end":{"line":301,"column":7}},{"start":{"line":294,"column":6},"end":{"line":301,"column":7}}],"line":294},"19":{"loc":{"start":{"line":320,"column":19},"end":{"line":320,"column":77}},"type":"binary-expr","locations":[{"start":{"line":320,"column":19},"end":{"line":320,"column":44}},{"start":{"line":320,"column":48},"end":{"line":320,"column":77}}],"line":320},"20":{"loc":{"start":{"line":338,"column":19},"end":{"line":338,"column":75}},"type":"cond-expr","locations":[{"start":{"line":338,"column":49},"end":{"line":338,"column":51}},{"start":{"line":338,"column":54},"end":{"line":338,"column":75}}],"line":338}},"s":{"0":1,"1":1,"2":1,"3":1,"4":1,"5":0,"6":0,"7":0,"8":0,"9":0,"10":0,"11":0,"12":0,"13":0,"14":0,"15":0,"16":0,"17":0,"18":0,"19":0,"20":0,"21":0,"22":0,"23":0,"24":0,"25":0,"26":0,"27":0,"28":0,"29":0,"30":0,"31":0,"32":0,"33":0,"34":0,"35":0,"36":0,"37":0,"38":0,"39":0,"40":0,"41":0,"42":0,"43":0,"44":0,"45":0,"46":0,"47":0,"48":0,"49":0,"50":0,"51":0,"52":0,"53":0,"54":0,"55":0,"56":0,"57":0,"58":0,"59":0,"60":0,"61":0,"62":0,"63":0,"64":0,"65":0,"66":0,"67":0,"68":0,"69":0,"70":0,"71":0,"72":0,"73":0,"74":0,"75":0,"76":0,"77":0,"78":0,"79":0,"80":0,"81":0,"82":0,"83":0,"84":0,"85":0,"86":0,"87":0,"88":0,"89":0,"90":0,"91":0,"92":0,"93":0,"94":0,"95":0,"96":0,"97":0,"98":0,"99":0,"100":0,"101":0,"102":0},"f":{"0":0,"1":0,"2":0,"3":0,"4":0,"5":0,"6":0,"7":0,"8":0,"9":0,"10":0,"11":0,"12":0,"13":0,"14":0,"15":0,"16":0,"17":0,"18":0,"19":0,"20":0,"21":0,"22":0,"23":0,"24":0,"25":0,"26":0,"27":0,"28":0,"29":0,"30":0,"31":0,"32":0,"33":0,"34":0,"35":0,"36":0},"b":{"0":[0,0],"1":[0,0],"2":[0,0],"3":[0,0],"4":[0,0],"5":[0,0],"6":[0,0],"7":[0,0],"8":[0,0],"9":[0,0],"10":[0,0,0,0],"11":[0,0],"12":[0,0],"13":[0,0],"14":[0,0],"15":[0,0],"16":[0,0],"17":[0,0],"18":[0,0],"19":[0,0],"20":[0,0]},"_coverageSchema":"332fd63041d2c1bcb487cc26dd0d5f7d97098a6c","hash":"d2ae52757441754af3d328c5b13169f8802ddfa9"}
,"/Users/jc0362/Dropbox/ComicsScroller/src/js/container/App/reducers/comics.js": {"path":"/Users/jc0362/Dropbox/ComicsScroller/src/js/container/App/reducers/comics.js","statementMap":{"0":{"start":{"line":36,"column":21},"end":{"line":54,"column":1}},"1":{"start":{"line":56,"column":25},"end":{"line":56,"column":43}},"2":{"start":{"line":57,"column":25},"end":{"line":57,"column":43}},"3":{"start":{"line":58,"column":21},"end":{"line":58,"column":35}},"4":{"start":{"line":59,"column":24},"end":{"line":59,"column":41}},"5":{"start":{"line":60,"column":28},"end":{"line":60,"column":49}},"6":{"start":{"line":61,"column":36},"end":{"line":61,"column":65}},"7":{"start":{"line":62,"column":33},"end":{"line":62,"column":59}},"8":{"start":{"line":63,"column":28},"end":{"line":63,"column":49}},"9":{"start":{"line":64,"column":31},"end":{"line":64,"column":55}},"10":{"start":{"line":65,"column":26},"end":{"line":65,"column":45}},"11":{"start":{"line":66,"column":23},"end":{"line":66,"column":39}},"12":{"start":{"line":67,"column":28},"end":{"line":67,"column":49}},"13":{"start":{"line":68,"column":26},"end":{"line":68,"column":45}},"14":{"start":{"line":69,"column":28},"end":{"line":69,"column":49}},"15":{"start":{"line":70,"column":20},"end":{"line":70,"column":33}},"16":{"start":{"line":73,"column":2},"end":{"line":220,"column":3}},"17":{"start":{"line":75,"column":6},"end":{"line":90,"column":7}},"18":{"start":{"line":76,"column":8},"end":{"line":89,"column":10}},"19":{"start":{"line":91,"column":6},"end":{"line":91,"column":19}},"20":{"start":{"line":93,"column":6},"end":{"line":108,"column":7}},"21":{"start":{"line":94,"column":8},"end":{"line":107,"column":10}},"22":{"start":{"line":109,"column":6},"end":{"line":109,"column":19}},"23":{"start":{"line":111,"column":6},"end":{"line":148,"column":7}},"24":{"start":{"line":112,"column":21},"end":{"line":112,"column":32}},"25":{"start":{"line":113,"column":8},"end":{"line":147,"column":10}},"26":{"start":{"line":121,"column":26},"end":{"line":121,"column":59}},"27":{"start":{"line":128,"column":35},"end":{"line":136,"column":17}},"28":{"start":{"line":149,"column":6},"end":{"line":149,"column":19}},"29":{"start":{"line":151,"column":6},"end":{"line":154,"column":8}},"30":{"start":{"line":156,"column":6},"end":{"line":164,"column":7}},"31":{"start":{"line":157,"column":24},"end":{"line":157,"column":54}},"32":{"start":{"line":158,"column":8},"end":{"line":158,"column":75}},"33":{"start":{"line":159,"column":8},"end":{"line":163,"column":10}},"34":{"start":{"line":165,"column":6},"end":{"line":168,"column":8}},"35":{"start":{"line":170,"column":6},"end":{"line":174,"column":8}},"36":{"start":{"line":176,"column":6},"end":{"line":179,"column":8}},"37":{"start":{"line":181,"column":6},"end":{"line":184,"column":8}},"38":{"start":{"line":186,"column":6},"end":{"line":189,"column":8}},"39":{"start":{"line":191,"column":6},"end":{"line":194,"column":8}},"40":{"start":{"line":196,"column":6},"end":{"line":199,"column":8}},"41":{"start":{"line":201,"column":6},"end":{"line":204,"column":8}},"42":{"start":{"line":206,"column":6},"end":{"line":212,"column":8}},"43":{"start":{"line":214,"column":6},"end":{"line":217,"column":8}},"44":{"start":{"line":219,"column":6},"end":{"line":219,"column":19}},"45":{"start":{"line":224,"column":2},"end":{"line":224,"column":38}},"46":{"start":{"line":228,"column":2},"end":{"line":228,"column":42}},"47":{"start":{"line":232,"column":2},"end":{"line":232,"column":42}},"48":{"start":{"line":236,"column":2},"end":{"line":236,"column":48}},"49":{"start":{"line":240,"column":2},"end":{"line":240,"column":41}},"50":{"start":{"line":244,"column":2},"end":{"line":244,"column":45}},"51":{"start":{"line":248,"column":2},"end":{"line":248,"column":53}},"52":{"start":{"line":252,"column":2},"end":{"line":252,"column":50}},"53":{"start":{"line":256,"column":2},"end":{"line":256,"column":51}},"54":{"start":{"line":260,"column":2},"end":{"line":260,"column":43}},"55":{"start":{"line":264,"column":2},"end":{"line":264,"column":46}},"56":{"start":{"line":268,"column":2},"end":{"line":268,"column":61}},"57":{"start":{"line":272,"column":2},"end":{"line":272,"column":31}},"58":{"start":{"line":276,"column":2},"end":{"line":276,"column":52}}},"fnMap":{"0":{"name":"comics","decl":{"start":{"line":72,"column":24},"end":{"line":72,"column":30}},"loc":{"start":{"line":72,"column":76},"end":{"line":221,"column":1}},"line":72},"1":{"name":"(anonymous_1)","decl":{"start":{"line":121,"column":16},"end":{"line":121,"column":17}},"loc":{"start":{"line":121,"column":26},"end":{"line":121,"column":59}},"line":121},"2":{"name":"(anonymous_2)","decl":{"start":{"line":128,"column":16},"end":{"line":128,"column":17}},"loc":{"start":{"line":128,"column":35},"end":{"line":136,"column":17}},"line":128},"3":{"name":"updateTitle","decl":{"start":{"line":223,"column":16},"end":{"line":223,"column":27}},"loc":{"start":{"line":223,"column":42},"end":{"line":225,"column":1}},"line":223},"4":{"name":"updateComicsID","decl":{"start":{"line":227,"column":16},"end":{"line":227,"column":30}},"loc":{"start":{"line":227,"column":45},"end":{"line":229,"column":1}},"line":227},"5":{"name":"updateSubscribe","decl":{"start":{"line":231,"column":16},"end":{"line":231,"column":31}},"loc":{"start":{"line":231,"column":48},"end":{"line":233,"column":1}},"line":231},"6":{"name":"updateReadedChapters","decl":{"start":{"line":235,"column":16},"end":{"line":235,"column":36}},"loc":{"start":{"line":235,"column":47},"end":{"line":237,"column":1}},"line":235},"7":{"name":"updateChapters","decl":{"start":{"line":239,"column":16},"end":{"line":239,"column":30}},"loc":{"start":{"line":239,"column":41},"end":{"line":241,"column":1}},"line":239},"8":{"name":"updateChapterList","decl":{"start":{"line":243,"column":16},"end":{"line":243,"column":33}},"loc":{"start":{"line":243,"column":50},"end":{"line":245,"column":1}},"line":243},"9":{"name":"updateChapterLatestIndex","decl":{"start":{"line":247,"column":16},"end":{"line":247,"column":40}},"loc":{"start":{"line":247,"column":55},"end":{"line":249,"column":1}},"line":247},"10":{"name":"updateChapterNowIndex","decl":{"start":{"line":251,"column":16},"end":{"line":251,"column":37}},"loc":{"start":{"line":251,"column":52},"end":{"line":253,"column":1}},"line":251},"11":{"name":"updateRenderIndex","decl":{"start":{"line":255,"column":16},"end":{"line":255,"column":33}},"loc":{"start":{"line":255,"column":62},"end":{"line":257,"column":1}},"line":255},"12":{"name":"concatImageList","decl":{"start":{"line":259,"column":16},"end":{"line":259,"column":31}},"loc":{"start":{"line":259,"column":48},"end":{"line":261,"column":1}},"line":259},"13":{"name":"loadImgSrc","decl":{"start":{"line":263,"column":16},"end":{"line":263,"column":26}},"loc":{"start":{"line":263,"column":55},"end":{"line":265,"column":1}},"line":263},"14":{"name":"updateImgType","decl":{"start":{"line":267,"column":16},"end":{"line":267,"column":29}},"loc":{"start":{"line":267,"column":78},"end":{"line":269,"column":1}},"line":267},"15":{"name":"resetImg","decl":{"start":{"line":271,"column":16},"end":{"line":271,"column":24}},"loc":{"start":{"line":271,"column":27},"end":{"line":273,"column":1}},"line":271},"16":{"name":"updateInnerHeight","decl":{"start":{"line":275,"column":16},"end":{"line":275,"column":33}},"loc":{"start":{"line":275,"column":55},"end":{"line":277,"column":1}},"line":275}},"branchMap":{"0":{"loc":{"start":{"line":72,"column":31},"end":{"line":72,"column":58}},"type":"default-arg","locations":[{"start":{"line":72,"column":46},"end":{"line":72,"column":58}}],"line":72},"1":{"loc":{"start":{"line":73,"column":2},"end":{"line":220,"column":3}},"type":"switch","locations":[{"start":{"line":74,"column":4},"end":{"line":91,"column":19}},{"start":{"line":92,"column":4},"end":{"line":109,"column":19}},{"start":{"line":110,"column":4},"end":{"line":149,"column":19}},{"start":{"line":150,"column":4},"end":{"line":154,"column":8}},{"start":{"line":155,"column":4},"end":{"line":168,"column":8}},{"start":{"line":169,"column":4},"end":{"line":174,"column":8}},{"start":{"line":175,"column":4},"end":{"line":179,"column":8}},{"start":{"line":180,"column":4},"end":{"line":184,"column":8}},{"start":{"line":185,"column":4},"end":{"line":189,"column":8}},{"start":{"line":190,"column":4},"end":{"line":194,"column":8}},{"start":{"line":195,"column":4},"end":{"line":199,"column":8}},{"start":{"line":200,"column":4},"end":{"line":204,"column":8}},{"start":{"line":205,"column":4},"end":{"line":212,"column":8}},{"start":{"line":213,"column":4},"end":{"line":217,"column":8}},{"start":{"line":218,"column":4},"end":{"line":219,"column":19}}],"line":73},"2":{"loc":{"start":{"line":75,"column":6},"end":{"line":90,"column":7}},"type":"if","locations":[{"start":{"line":75,"column":6},"end":{"line":90,"column":7}},{"start":{"line":75,"column":6},"end":{"line":90,"column":7}}],"line":75},"3":{"loc":{"start":{"line":93,"column":6},"end":{"line":108,"column":7}},"type":"if","locations":[{"start":{"line":93,"column":6},"end":{"line":108,"column":7}},{"start":{"line":93,"column":6},"end":{"line":108,"column":7}}],"line":93},"4":{"loc":{"start":{"line":111,"column":6},"end":{"line":148,"column":7}},"type":"if","locations":[{"start":{"line":111,"column":6},"end":{"line":148,"column":7}},{"start":{"line":111,"column":6},"end":{"line":148,"column":7}}],"line":111},"5":{"loc":{"start":{"line":111,"column":10},"end":{"line":111,"column":43}},"type":"binary-expr","locations":[{"start":{"line":111,"column":10},"end":{"line":111,"column":21}},{"start":{"line":111,"column":25},"end":{"line":111,"column":43}}],"line":111},"6":{"loc":{"start":{"line":156,"column":6},"end":{"line":164,"column":7}},"type":"if","locations":[{"start":{"line":156,"column":6},"end":{"line":164,"column":7}},{"start":{"line":156,"column":6},"end":{"line":164,"column":7}}],"line":156},"7":{"loc":{"start":{"line":156,"column":10},"end":{"line":156,"column":47}},"type":"binary-expr","locations":[{"start":{"line":156,"column":10},"end":{"line":156,"column":27}},{"start":{"line":156,"column":31},"end":{"line":156,"column":47}}],"line":156}},"s":{"0":1,"1":1,"2":1,"3":1,"4":1,"5":1,"6":1,"7":1,"8":1,"9":1,"10":1,"11":1,"12":1,"13":1,"14":1,"15":1,"16":0,"17":0,"18":0,"19":0,"20":0,"21":0,"22":0,"23":0,"24":0,"25":0,"26":0,"27":0,"28":0,"29":0,"30":0,"31":0,"32":0,"33":0,"34":0,"35":0,"36":0,"37":0,"38":0,"39":0,"40":0,"41":0,"42":0,"43":0,"44":0,"45":0,"46":0,"47":0,"48":0,"49":0,"50":0,"51":0,"52":0,"53":0,"54":0,"55":0,"56":0,"57":0,"58":0},"f":{"0":0,"1":0,"2":0,"3":0,"4":0,"5":0,"6":0,"7":0,"8":0,"9":0,"10":0,"11":0,"12":0,"13":0,"14":0,"15":0,"16":0},"b":{"0":[0],"1":[0,0,0,0,0,0,0,0,0,0,0,0,0,0,0],"2":[0,0],"3":[0,0],"4":[0,0],"5":[0,0],"6":[0,0],"7":[0,0]},"_coverageSchema":"332fd63041d2c1bcb487cc26dd0d5f7d97098a6c","hash":"fc87491bc0db238f36b658485b0d83f550583c3a"}
,"/Users/jc0362/Dropbox/ComicsScroller/src/js/container/App/reducers/dm5Epic.js": {"path":"/Users/jc0362/Dropbox/ComicsScroller/src/js/container/App/reducers/dm5Epic.js","statementMap":{"0":{"start":{"line":30,"column":16},"end":{"line":30,"column":36}},"1":{"start":{"line":31,"column":22},"end":{"line":31,"column":37}},"2":{"start":{"line":32,"column":24},"end":{"line":32,"column":41}},"3":{"start":{"line":33,"column":23},"end":{"line":33,"column":39}},"4":{"start":{"line":34,"column":22},"end":{"line":34,"column":37}},"5":{"start":{"line":37,"column":2},"end":{"line":56,"column":5}},"6":{"start":{"line":41,"column":17},"end":{"line":41,"column":58}},"7":{"start":{"line":42,"column":19},"end":{"line":43,"column":18}},"8":{"start":{"line":44,"column":28},"end":{"line":44,"column":68}},"9":{"start":{"line":45,"column":20},"end":{"line":45,"column":52}},"10":{"start":{"line":46,"column":21},"end":{"line":46,"column":68}},"11":{"start":{"line":47,"column":20},"end":{"line":50,"column":7}},"12":{"start":{"line":47,"column":71},"end":{"line":50,"column":5}},"13":{"start":{"line":51,"column":4},"end":{"line":55,"column":7}},"14":{"start":{"line":60,"column":2},"end":{"line":92,"column":5}},"15":{"start":{"line":61,"column":31},"end":{"line":61,"column":64}},"16":{"start":{"line":62,"column":4},"end":{"line":91,"column":9}},"17":{"start":{"line":64,"column":8},"end":{"line":69,"column":10}},"18":{"start":{"line":72,"column":8},"end":{"line":90,"column":11}},"19":{"start":{"line":80,"column":22},"end":{"line":80,"column":36}},"20":{"start":{"line":81,"column":10},"end":{"line":87,"column":11}},"21":{"start":{"line":82,"column":12},"end":{"line":82,"column":26}},"22":{"start":{"line":83,"column":17},"end":{"line":87,"column":11}},"23":{"start":{"line":84,"column":12},"end":{"line":84,"column":23}},"24":{"start":{"line":85,"column":17},"end":{"line":87,"column":11}},"25":{"start":{"line":86,"column":12},"end":{"line":86,"column":25}},"26":{"start":{"line":88,"column":10},"end":{"line":88,"column":37}},"27":{"start":{"line":96,"column":2},"end":{"line":96,"column":47}},"28":{"start":{"line":100,"column":2},"end":{"line":127,"column":5}},"29":{"start":{"line":104,"column":18},"end":{"line":106,"column":5}},"30":{"start":{"line":107,"column":25},"end":{"line":107,"column":75}},"31":{"start":{"line":107,"column":47},"end":{"line":107,"column":74}},"32":{"start":{"line":108,"column":18},"end":{"line":108,"column":79}},"33":{"start":{"line":109,"column":21},"end":{"line":111,"column":9}},"34":{"start":{"line":112,"column":24},"end":{"line":114,"column":5}},"35":{"start":{"line":113,"column":6},"end":{"line":113,"column":47}},"36":{"start":{"line":115,"column":21},"end":{"line":125,"column":5}},"37":{"start":{"line":117,"column":19},"end":{"line":123,"column":7}},"38":{"start":{"line":126,"column":4},"end":{"line":126,"column":69}},"39":{"start":{"line":131,"column":2},"end":{"line":204,"column":4}},"40":{"start":{"line":132,"column":4},"end":{"line":203,"column":6}},"41":{"start":{"line":133,"column":6},"end":{"line":202,"column":8}},"42":{"start":{"line":141,"column":31},"end":{"line":141,"column":79}},"43":{"start":{"line":141,"column":62},"end":{"line":141,"column":78}},"44":{"start":{"line":142,"column":10},"end":{"line":200,"column":13}},"45":{"start":{"line":145,"column":28},"end":{"line":181,"column":13}},"46":{"start":{"line":150,"column":18},"end":{"line":150,"column":79}},"47":{"start":{"line":160,"column":20},"end":{"line":161,"column":53}},"48":{"start":{"line":182,"column":30},"end":{"line":185,"column":13}},"49":{"start":{"line":184,"column":23},"end":{"line":184,"column":74}},"50":{"start":{"line":186,"column":12},"end":{"line":199,"column":14}},"51":{"start":{"line":190,"column":31},"end":{"line":198,"column":15}},"52":{"start":{"line":208,"column":2},"end":{"line":208,"column":42}},"53":{"start":{"line":212,"column":2},"end":{"line":226,"column":5}},"54":{"start":{"line":213,"column":28},"end":{"line":213,"column":51}},"55":{"start":{"line":214,"column":4},"end":{"line":225,"column":7}},"56":{"start":{"line":215,"column":25},"end":{"line":215,"column":65}},"57":{"start":{"line":216,"column":6},"end":{"line":223,"column":7}},"58":{"start":{"line":217,"column":8},"end":{"line":222,"column":10}},"59":{"start":{"line":224,"column":6},"end":{"line":224,"column":40}},"60":{"start":{"line":230,"column":2},"end":{"line":230,"column":41}},"61":{"start":{"line":234,"column":2},"end":{"line":268,"column":4}},"62":{"start":{"line":235,"column":4},"end":{"line":267,"column":6}},"63":{"start":{"line":236,"column":40},"end":{"line":236,"column":63}},"64":{"start":{"line":237,"column":24},"end":{"line":237,"column":49}},"65":{"start":{"line":238,"column":22},"end":{"line":255,"column":7}},"66":{"start":{"line":242,"column":19},"end":{"line":242,"column":72}},"67":{"start":{"line":256,"column":6},"end":{"line":266,"column":9}},"68":{"start":{"line":259,"column":8},"end":{"line":261,"column":11}},"69":{"start":{"line":262,"column":8},"end":{"line":265,"column":10}},"70":{"start":{"line":272,"column":2},"end":{"line":272,"column":40}}},"fnMap":{"0":{"name":"fetchImgs$","decl":{"start":{"line":36,"column":9},"end":{"line":36,"column":19}},"loc":{"start":{"line":36,"column":29},"end":{"line":57,"column":1}},"line":36},"1":{"name":"fetchImgPageHandler","decl":{"start":{"line":40,"column":23},"end":{"line":40,"column":42}},"loc":{"start":{"line":40,"column":57},"end":{"line":56,"column":3}},"line":40},"2":{"name":"(anonymous_2)","decl":{"start":{"line":47,"column":60},"end":{"line":47,"column":61}},"loc":{"start":{"line":47,"column":71},"end":{"line":50,"column":5}},"line":47},"3":{"name":"fetchImgSrcEpic","decl":{"start":{"line":59,"column":16},"end":{"line":59,"column":31}},"loc":{"start":{"line":59,"column":48},"end":{"line":93,"column":1}},"line":59},"4":{"name":"(anonymous_4)","decl":{"start":{"line":60,"column":50},"end":{"line":60,"column":51}},"loc":{"start":{"line":60,"column":60},"end":{"line":92,"column":3}},"line":60},"5":{"name":"(anonymous_5)","decl":{"start":{"line":63,"column":14},"end":{"line":63,"column":15}},"loc":{"start":{"line":63,"column":22},"end":{"line":70,"column":7}},"line":63},"6":{"name":"(anonymous_6)","decl":{"start":{"line":71,"column":16},"end":{"line":71,"column":17}},"loc":{"start":{"line":71,"column":22},"end":{"line":91,"column":7}},"line":71},"7":{"name":"fetchImgSrcHandler","decl":{"start":{"line":76,"column":24},"end":{"line":76,"column":42}},"loc":{"start":{"line":76,"column":57},"end":{"line":90,"column":9}},"line":76},"8":{"name":"fetchImgSrc","decl":{"start":{"line":95,"column":16},"end":{"line":95,"column":27}},"loc":{"start":{"line":95,"column":40},"end":{"line":97,"column":1}},"line":95},"9":{"name":"fetchChapterPage$","decl":{"start":{"line":99,"column":16},"end":{"line":99,"column":33}},"loc":{"start":{"line":99,"column":39},"end":{"line":128,"column":1}},"line":99},"10":{"name":"fetchChapterPageHandler","decl":{"start":{"line":103,"column":23},"end":{"line":103,"column":46}},"loc":{"start":{"line":103,"column":61},"end":{"line":127,"column":3}},"line":103},"11":{"name":"(anonymous_11)","decl":{"start":{"line":107,"column":39},"end":{"line":107,"column":40}},"loc":{"start":{"line":107,"column":47},"end":{"line":107,"column":74}},"line":107},"12":{"name":"(anonymous_12)","decl":{"start":{"line":112,"column":42},"end":{"line":112,"column":43}},"loc":{"start":{"line":113,"column":6},"end":{"line":113,"column":47}},"line":113},"13":{"name":"(anonymous_13)","decl":{"start":{"line":117,"column":6},"end":{"line":117,"column":7}},"loc":{"start":{"line":117,"column":19},"end":{"line":123,"column":7}},"line":117},"14":{"name":"fetchChapterEpic","decl":{"start":{"line":130,"column":16},"end":{"line":130,"column":32}},"loc":{"start":{"line":130,"column":42},"end":{"line":205,"column":1}},"line":130},"15":{"name":"(anonymous_15)","decl":{"start":{"line":131,"column":48},"end":{"line":131,"column":49}},"loc":{"start":{"line":132,"column":4},"end":{"line":203,"column":6}},"line":132},"16":{"name":"(anonymous_16)","decl":{"start":{"line":132,"column":40},"end":{"line":132,"column":41}},"loc":{"start":{"line":132,"column":76},"end":{"line":203,"column":5}},"line":132},"17":{"name":"(anonymous_17)","decl":{"start":{"line":140,"column":19},"end":{"line":140,"column":20}},"loc":{"start":{"line":140,"column":67},"end":{"line":201,"column":9}},"line":140},"18":{"name":"(anonymous_18)","decl":{"start":{"line":141,"column":54},"end":{"line":141,"column":55}},"loc":{"start":{"line":141,"column":62},"end":{"line":141,"column":78}},"line":141},"19":{"name":"(anonymous_19)","decl":{"start":{"line":144,"column":23},"end":{"line":144,"column":24}},"loc":{"start":{"line":144,"column":31},"end":{"line":200,"column":11}},"line":144},"20":{"name":"(anonymous_20)","decl":{"start":{"line":149,"column":16},"end":{"line":149,"column":17}},"loc":{"start":{"line":150,"column":18},"end":{"line":150,"column":79}},"line":150},"21":{"name":"(anonymous_21)","decl":{"start":{"line":159,"column":18},"end":{"line":159,"column":19}},"loc":{"start":{"line":160,"column":20},"end":{"line":161,"column":53}},"line":160},"22":{"name":"(anonymous_22)","decl":{"start":{"line":184,"column":14},"end":{"line":184,"column":15}},"loc":{"start":{"line":184,"column":23},"end":{"line":184,"column":74}},"line":184},"23":{"name":"(anonymous_23)","decl":{"start":{"line":190,"column":25},"end":{"line":190,"column":26}},"loc":{"start":{"line":190,"column":31},"end":{"line":198,"column":15}},"line":190},"24":{"name":"fetchChapter","decl":{"start":{"line":207,"column":16},"end":{"line":207,"column":28}},"loc":{"start":{"line":207,"column":38},"end":{"line":209,"column":1}},"line":207},"25":{"name":"fetchImgListEpic","decl":{"start":{"line":211,"column":16},"end":{"line":211,"column":32}},"loc":{"start":{"line":211,"column":49},"end":{"line":227,"column":1}},"line":211},"26":{"name":"(anonymous_26)","decl":{"start":{"line":212,"column":49},"end":{"line":212,"column":50}},"loc":{"start":{"line":212,"column":59},"end":{"line":226,"column":3}},"line":212},"27":{"name":"(anonymous_27)","decl":{"start":{"line":214,"column":58},"end":{"line":214,"column":59}},"loc":{"start":{"line":214,"column":75},"end":{"line":225,"column":5}},"line":214},"28":{"name":"fetchImgList","decl":{"start":{"line":229,"column":16},"end":{"line":229,"column":28}},"loc":{"start":{"line":229,"column":36},"end":{"line":231,"column":1}},"line":229},"29":{"name":"updateReadedEpic","decl":{"start":{"line":233,"column":16},"end":{"line":233,"column":32}},"loc":{"start":{"line":233,"column":49},"end":{"line":269,"column":1}},"line":233},"30":{"name":"(anonymous_30)","decl":{"start":{"line":234,"column":48},"end":{"line":234,"column":49}},"loc":{"start":{"line":235,"column":4},"end":{"line":267,"column":6}},"line":235},"31":{"name":"(anonymous_31)","decl":{"start":{"line":235,"column":65},"end":{"line":235,"column":66}},"loc":{"start":{"line":235,"column":73},"end":{"line":267,"column":5}},"line":235},"32":{"name":"(anonymous_32)","decl":{"start":{"line":242,"column":10},"end":{"line":242,"column":11}},"loc":{"start":{"line":242,"column":19},"end":{"line":242,"column":72}},"line":242},"33":{"name":"(anonymous_33)","decl":{"start":{"line":258,"column":17},"end":{"line":258,"column":18}},"loc":{"start":{"line":258,"column":23},"end":{"line":266,"column":7}},"line":258},"34":{"name":"updateReaded","decl":{"start":{"line":271,"column":16},"end":{"line":271,"column":28}},"loc":{"start":{"line":271,"column":36},"end":{"line":273,"column":1}},"line":271}},"branchMap":{"0":{"loc":{"start":{"line":65,"column":10},"end":{"line":68,"column":37}},"type":"binary-expr","locations":[{"start":{"line":65,"column":10},"end":{"line":65,"column":30}},{"start":{"line":66,"column":10},"end":{"line":66,"column":28}},{"start":{"line":67,"column":10},"end":{"line":67,"column":30}},{"start":{"line":68,"column":10},"end":{"line":68,"column":37}}],"line":65},"1":{"loc":{"start":{"line":81,"column":10},"end":{"line":87,"column":11}},"type":"if","locations":[{"start":{"line":81,"column":10},"end":{"line":87,"column":11}},{"start":{"line":81,"column":10},"end":{"line":87,"column":11}}],"line":81},"2":{"loc":{"start":{"line":81,"column":14},"end":{"line":81,"column":48}},"type":"binary-expr","locations":[{"start":{"line":81,"column":14},"end":{"line":81,"column":18}},{"start":{"line":81,"column":22},"end":{"line":81,"column":37}},{"start":{"line":81,"column":41},"end":{"line":81,"column":48}}],"line":81},"3":{"loc":{"start":{"line":83,"column":17},"end":{"line":87,"column":11}},"type":"if","locations":[{"start":{"line":83,"column":17},"end":{"line":87,"column":11}},{"start":{"line":83,"column":17},"end":{"line":87,"column":11}}],"line":83},"4":{"loc":{"start":{"line":85,"column":17},"end":{"line":87,"column":11}},"type":"if","locations":[{"start":{"line":85,"column":17},"end":{"line":87,"column":11}},{"start":{"line":85,"column":17},"end":{"line":87,"column":11}}],"line":85},"5":{"loc":{"start":{"line":150,"column":18},"end":{"line":150,"column":79}},"type":"binary-expr","locations":[{"start":{"line":150,"column":18},"end":{"line":150,"column":43}},{"start":{"line":150,"column":47},"end":{"line":150,"column":79}}],"line":150},"6":{"loc":{"start":{"line":160,"column":20},"end":{"line":161,"column":53}},"type":"binary-expr","locations":[{"start":{"line":160,"column":20},"end":{"line":160,"column":46}},{"start":{"line":161,"column":20},"end":{"line":161,"column":53}}],"line":160},"7":{"loc":{"start":{"line":174,"column":24},"end":{"line":176,"column":26}},"type":"cond-expr","locations":[{"start":{"line":175,"column":24},"end":{"line":175,"column":57}},{"start":{"line":176,"column":24},"end":{"line":176,"column":26}}],"line":174},"8":{"loc":{"start":{"line":184,"column":23},"end":{"line":184,"column":74}},"type":"binary-expr","locations":[{"start":{"line":184,"column":23},"end":{"line":184,"column":43}},{"start":{"line":184,"column":47},"end":{"line":184,"column":74}}],"line":184},"9":{"loc":{"start":{"line":216,"column":6},"end":{"line":223,"column":7}},"type":"if","locations":[{"start":{"line":216,"column":6},"end":{"line":223,"column":7}},{"start":{"line":216,"column":6},"end":{"line":223,"column":7}}],"line":216},"10":{"loc":{"start":{"line":242,"column":19},"end":{"line":242,"column":72}},"type":"binary-expr","locations":[{"start":{"line":242,"column":19},"end":{"line":242,"column":39}},{"start":{"line":242,"column":43},"end":{"line":242,"column":72}}],"line":242},"11":{"loc":{"start":{"line":260,"column":19},"end":{"line":260,"column":75}},"type":"cond-expr","locations":[{"start":{"line":260,"column":49},"end":{"line":260,"column":51}},{"start":{"line":260,"column":54},"end":{"line":260,"column":75}}],"line":260}},"s":{"0":1,"1":1,"2":1,"3":1,"4":1,"5":0,"6":0,"7":0,"8":0,"9":0,"10":0,"11":0,"12":0,"13":0,"14":0,"15":0,"16":0,"17":0,"18":0,"19":0,"20":0,"21":0,"22":0,"23":0,"24":0,"25":0,"26":0,"27":0,"28":0,"29":0,"30":0,"31":0,"32":0,"33":0,"34":0,"35":0,"36":0,"37":0,"38":0,"39":0,"40":0,"41":0,"42":0,"43":0,"44":0,"45":0,"46":0,"47":0,"48":0,"49":0,"50":0,"51":0,"52":0,"53":0,"54":0,"55":0,"56":0,"57":0,"58":0,"59":0,"60":0,"61":0,"62":0,"63":0,"64":0,"65":0,"66":0,"67":0,"68":0,"69":0,"70":0},"f":{"0":0,"1":0,"2":0,"3":0,"4":0,"5":0,"6":0,"7":0,"8":0,"9":0,"10":0,"11":0,"12":0,"13":0,"14":0,"15":0,"16":0,"17":0,"18":0,"19":0,"20":0,"21":0,"22":0,"23":0,"24":0,"25":0,"26":0,"27":0,"28":0,"29":0,"30":0,"31":0,"32":0,"33":0,"34":0},"b":{"0":[0,0,0,0],"1":[0,0],"2":[0,0,0],"3":[0,0],"4":[0,0],"5":[0,0],"6":[0,0],"7":[0,0],"8":[0,0],"9":[0,0],"10":[0,0],"11":[0,0]},"_coverageSchema":"332fd63041d2c1bcb487cc26dd0d5f7d97098a6c","hash":"bddd113ecb69f286fbd482c5e8368f0bdc637228"}
,"/Users/jc0362/Dropbox/ComicsScroller/src/js/container/App/reducers/getAction.js": {"path":"/Users/jc0362/Dropbox/ComicsScroller/src/js/container/App/reducers/getAction.js","statementMap":{"0":{"start":{"line":36,"column":2},"end":{"line":54,"column":3}},"1":{"start":{"line":38,"column":6},"end":{"line":41,"column":8}},"2":{"start":{"line":43,"column":6},"end":{"line":46,"column":8}},"3":{"start":{"line":48,"column":6},"end":{"line":51,"column":8}},"4":{"start":{"line":53,"column":6},"end":{"line":53,"column":16}},"5":{"start":{"line":58,"column":2},"end":{"line":82,"column":3}},"6":{"start":{"line":60,"column":6},"end":{"line":65,"column":8}},"7":{"start":{"line":67,"column":6},"end":{"line":72,"column":8}},"8":{"start":{"line":74,"column":6},"end":{"line":79,"column":8}},"9":{"start":{"line":81,"column":6},"end":{"line":81,"column":16}},"10":{"start":{"line":86,"column":2},"end":{"line":110,"column":3}},"11":{"start":{"line":88,"column":6},"end":{"line":93,"column":8}},"12":{"start":{"line":95,"column":6},"end":{"line":100,"column":8}},"13":{"start":{"line":102,"column":6},"end":{"line":107,"column":8}},"14":{"start":{"line":109,"column":6},"end":{"line":109,"column":16}},"15":{"start":{"line":113,"column":14},"end":{"line":115,"column":6}},"16":{"start":{"line":117,"column":33},"end":{"line":117,"column":48}},"17":{"start":{"line":124,"column":4},"end":{"line":124,"column":20}},"18":{"start":{"line":131,"column":4},"end":{"line":131,"column":18}}},"fnMap":{"0":{"name":"getInfor","decl":{"start":{"line":35,"column":9},"end":{"line":35,"column":17}},"loc":{"start":{"line":35,"column":24},"end":{"line":55,"column":1}},"line":35},"1":{"name":"getAction","decl":{"start":{"line":57,"column":9},"end":{"line":57,"column":18}},"loc":{"start":{"line":57,"column":25},"end":{"line":83,"column":1}},"line":57},"2":{"name":"getEpic","decl":{"start":{"line":85,"column":9},"end":{"line":85,"column":16}},"loc":{"start":{"line":85,"column":23},"end":{"line":111,"column":1}},"line":85}},"branchMap":{"0":{"loc":{"start":{"line":36,"column":2},"end":{"line":54,"column":3}},"type":"switch","locations":[{"start":{"line":37,"column":4},"end":{"line":41,"column":8}},{"start":{"line":42,"column":4},"end":{"line":46,"column":8}},{"start":{"line":47,"column":4},"end":{"line":51,"column":8}},{"start":{"line":52,"column":4},"end":{"line":53,"column":16}}],"line":36},"1":{"loc":{"start":{"line":58,"column":2},"end":{"line":82,"column":3}},"type":"switch","locations":[{"start":{"line":59,"column":4},"end":{"line":65,"column":8}},{"start":{"line":66,"column":4},"end":{"line":72,"column":8}},{"start":{"line":73,"column":4},"end":{"line":79,"column":8}},{"start":{"line":80,"column":4},"end":{"line":81,"column":16}}],"line":58},"2":{"loc":{"start":{"line":86,"column":2},"end":{"line":110,"column":3}},"type":"switch","locations":[{"start":{"line":87,"column":4},"end":{"line":93,"column":8}},{"start":{"line":94,"column":4},"end":{"line":100,"column":8}},{"start":{"line":101,"column":4},"end":{"line":107,"column":8}},{"start":{"line":108,"column":4},"end":{"line":109,"column":16}}],"line":86},"3":{"loc":{"start":{"line":113,"column":14},"end":{"line":115,"column":6}},"type":"cond-expr","locations":[{"start":{"line":114,"column":4},"end":{"line":114,"column":38}},{"start":{"line":115,"column":4},"end":{"line":115,"column":6}}],"line":113}},"s":{"0":1,"1":0,"2":0,"3":0,"4":1,"5":1,"6":0,"7":0,"8":0,"9":1,"10":1,"11":0,"12":0,"13":0,"14":1,"15":1,"16":1,"17":1,"18":1},"f":{"0":1,"1":1,"2":1},"b":{"0":[0,0,0,1],"1":[0,0,0,1],"2":[0,0,0,1],"3":[0,1]},"_coverageSchema":"332fd63041d2c1bcb487cc26dd0d5f7d97098a6c","hash":"d52faad1ef73e14c233c987bfbf42394a64c01cc"}
,"/Users/jc0362/Dropbox/ComicsScroller/src/js/container/App/reducers/scrollEpic.js": {"path":"/Users/jc0362/Dropbox/ComicsScroller/src/js/container/App/reducers/scrollEpic.js","statementMap":{"0":{"start":{"line":11,"column":26},"end":{"line":11,"column":45}},"1":{"start":{"line":12,"column":25},"end":{"line":12,"column":43}},"2":{"start":{"line":39,"column":15},"end":{"line":39,"column":17}},"3":{"start":{"line":42,"column":2},"end":{"line":92,"column":27}},"4":{"start":{"line":45,"column":33},"end":{"line":45,"column":66}},"5":{"start":{"line":53,"column":10},"end":{"line":53,"column":33}},"6":{"start":{"line":54,"column":22},"end":{"line":54,"column":28}},"7":{"start":{"line":55,"column":22},"end":{"line":55,"column":23}},"8":{"start":{"line":56,"column":24},"end":{"line":56,"column":67}},"9":{"start":{"line":57,"column":18},"end":{"line":57,"column":31}},"10":{"start":{"line":58,"column":6},"end":{"line":68,"column":7}},"11":{"start":{"line":59,"column":8},"end":{"line":59,"column":22}},"12":{"start":{"line":60,"column":8},"end":{"line":62,"column":9}},"13":{"start":{"line":61,"column":10},"end":{"line":61,"column":16}},"14":{"start":{"line":63,"column":8},"end":{"line":67,"column":9}},"15":{"start":{"line":64,"column":10},"end":{"line":64,"column":53}},"16":{"start":{"line":66,"column":10},"end":{"line":66,"column":61}},"17":{"start":{"line":69,"column":25},"end":{"line":69,"column":50}},"18":{"start":{"line":70,"column":30},"end":{"line":73,"column":7}},"19":{"start":{"line":72,"column":16},"end":{"line":72,"column":35}},"20":{"start":{"line":74,"column":22},"end":{"line":74,"column":24}},"21":{"start":{"line":75,"column":6},"end":{"line":80,"column":7}},"22":{"start":{"line":76,"column":8},"end":{"line":79,"column":10}},"23":{"start":{"line":81,"column":6},"end":{"line":86,"column":7}},"24":{"start":{"line":82,"column":8},"end":{"line":85,"column":10}},"25":{"start":{"line":87,"column":6},"end":{"line":89,"column":7}},"26":{"start":{"line":88,"column":8},"end":{"line":88,"column":52}},"27":{"start":{"line":90,"column":6},"end":{"line":90,"column":21}},"28":{"start":{"line":99,"column":2},"end":{"line":101,"column":78}},"29":{"start":{"line":101,"column":20},"end":{"line":101,"column":76}},"30":{"start":{"line":105,"column":2},"end":{"line":105,"column":37}},"31":{"start":{"line":109,"column":2},"end":{"line":109,"column":36}}},"fnMap":{"0":{"name":"fromScrollEvent","decl":{"start":{"line":41,"column":9},"end":{"line":41,"column":24}},"loc":{"start":{"line":41,"column":76},"end":{"line":93,"column":1}},"line":41},"1":{"name":"(anonymous_1)","decl":{"start":{"line":44,"column":14},"end":{"line":44,"column":15}},"loc":{"start":{"line":44,"column":20},"end":{"line":91,"column":5}},"line":44},"2":{"name":"(anonymous_2)","decl":{"start":{"line":72,"column":8},"end":{"line":72,"column":9}},"loc":{"start":{"line":72,"column":16},"end":{"line":72,"column":35}},"line":72},"3":{"name":"scrollEpic","decl":{"start":{"line":95,"column":24},"end":{"line":95,"column":34}},"loc":{"start":{"line":98,"column":2},"end":{"line":102,"column":1}},"line":98},"4":{"name":"(anonymous_4)","decl":{"start":{"line":101,"column":14},"end":{"line":101,"column":15}},"loc":{"start":{"line":101,"column":20},"end":{"line":101,"column":76}},"line":101},"5":{"name":"startScroll","decl":{"start":{"line":104,"column":16},"end":{"line":104,"column":27}},"loc":{"start":{"line":104,"column":30},"end":{"line":106,"column":1}},"line":104},"6":{"name":"stopScroll","decl":{"start":{"line":108,"column":16},"end":{"line":108,"column":26}},"loc":{"start":{"line":108,"column":29},"end":{"line":110,"column":1}},"line":108}},"branchMap":{"0":{"loc":{"start":{"line":56,"column":24},"end":{"line":56,"column":67}},"type":"cond-expr","locations":[{"start":{"line":56,"column":40},"end":{"line":56,"column":63}},{"start":{"line":56,"column":66},"end":{"line":56,"column":67}}],"line":56},"1":{"loc":{"start":{"line":60,"column":8},"end":{"line":62,"column":9}},"type":"if","locations":[{"start":{"line":60,"column":8},"end":{"line":62,"column":9}},{"start":{"line":60,"column":8},"end":{"line":62,"column":9}}],"line":60},"2":{"loc":{"start":{"line":63,"column":8},"end":{"line":67,"column":9}},"type":"if","locations":[{"start":{"line":63,"column":8},"end":{"line":67,"column":9}},{"start":{"line":63,"column":8},"end":{"line":67,"column":9}}],"line":63},"3":{"loc":{"start":{"line":75,"column":6},"end":{"line":80,"column":7}},"type":"if","locations":[{"start":{"line":75,"column":6},"end":{"line":80,"column":7}},{"start":{"line":75,"column":6},"end":{"line":80,"column":7}}],"line":75},"4":{"loc":{"start":{"line":81,"column":6},"end":{"line":86,"column":7}},"type":"if","locations":[{"start":{"line":81,"column":6},"end":{"line":86,"column":7}},{"start":{"line":81,"column":6},"end":{"line":86,"column":7}}],"line":81},"5":{"loc":{"start":{"line":81,"column":10},"end":{"line":81,"column":74}},"type":"binary-expr","locations":[{"start":{"line":81,"column":10},"end":{"line":81,"column":48}},{"start":{"line":81,"column":52},"end":{"line":81,"column":74}}],"line":81},"6":{"loc":{"start":{"line":87,"column":6},"end":{"line":89,"column":7}},"type":"if","locations":[{"start":{"line":87,"column":6},"end":{"line":89,"column":7}},{"start":{"line":87,"column":6},"end":{"line":89,"column":7}}],"line":87}},"s":{"0":1,"1":1,"2":1,"3":0,"4":0,"5":0,"6":0,"7":0,"8":0,"9":0,"10":0,"11":0,"12":0,"13":0,"14":0,"15":0,"16":0,"17":0,"18":0,"19":0,"20":0,"21":0,"22":0,"23":0,"24":0,"25":0,"26":0,"27":0,"28":0,"29":0,"30":0,"31":0},"f":{"0":0,"1":0,"2":0,"3":0,"4":0,"5":0,"6":0},"b":{"0":[0,0],"1":[0,0],"2":[0,0],"3":[0,0],"4":[0,0],"5":[0,0],"6":[0,0]},"_coverageSchema":"332fd63041d2c1bcb487cc26dd0d5f7d97098a6c","hash":"71537d01abd321608ad6c4c986d250494c638a40"}
,"/Users/jc0362/Dropbox/ComicsScroller/src/js/container/App/reducers/sfEpic.js": {"path":"/Users/jc0362/Dropbox/ComicsScroller/src/js/container/App/reducers/sfEpic.js","statementMap":{"0":{"start":{"line":31,"column":16},"end":{"line":31,"column":40}},"1":{"start":{"line":32,"column":22},"end":{"line":32,"column":37}},"2":{"start":{"line":33,"column":24},"end":{"line":33,"column":41}},"3":{"start":{"line":34,"column":23},"end":{"line":34,"column":39}},"4":{"start":{"line":35,"column":22},"end":{"line":35,"column":37}},"5":{"start":{"line":39,"column":2},"end":{"line":50,"column":5}},"6":{"start":{"line":43,"column":21},"end":{"line":45,"column":8}},"7":{"start":{"line":46,"column":22},"end":{"line":48,"column":8}},"8":{"start":{"line":49,"column":4},"end":{"line":49,"column":59}},"9":{"start":{"line":54,"column":2},"end":{"line":68,"column":5}},"10":{"start":{"line":61,"column":4},"end":{"line":61,"column":19}},"11":{"start":{"line":63,"column":20},"end":{"line":66,"column":7}},"12":{"start":{"line":63,"column":64},"end":{"line":66,"column":5}},"13":{"start":{"line":67,"column":4},"end":{"line":67,"column":38}},"14":{"start":{"line":72,"column":2},"end":{"line":86,"column":5}},"15":{"start":{"line":73,"column":31},"end":{"line":73,"column":64}},"16":{"start":{"line":74,"column":4},"end":{"line":85,"column":9}},"17":{"start":{"line":76,"column":8},"end":{"line":81,"column":10}},"18":{"start":{"line":84,"column":8},"end":{"line":84,"column":46}},"19":{"start":{"line":90,"column":2},"end":{"line":90,"column":47}},"20":{"start":{"line":94,"column":2},"end":{"line":120,"column":5}},"21":{"start":{"line":98,"column":24},"end":{"line":100,"column":5}},"22":{"start":{"line":101,"column":18},"end":{"line":103,"column":17}},"23":{"start":{"line":104,"column":21},"end":{"line":104,"column":69}},"24":{"start":{"line":105,"column":24},"end":{"line":107,"column":5}},"25":{"start":{"line":106,"column":6},"end":{"line":106,"column":50}},"26":{"start":{"line":108,"column":21},"end":{"line":118,"column":5}},"27":{"start":{"line":110,"column":19},"end":{"line":116,"column":7}},"28":{"start":{"line":119,"column":4},"end":{"line":119,"column":69}},"29":{"start":{"line":124,"column":2},"end":{"line":202,"column":4}},"30":{"start":{"line":125,"column":4},"end":{"line":201,"column":6}},"31":{"start":{"line":126,"column":6},"end":{"line":200,"column":8}},"32":{"start":{"line":128,"column":74},"end":{"line":132,"column":9}},"33":{"start":{"line":136,"column":31},"end":{"line":136,"column":79}},"34":{"start":{"line":136,"column":62},"end":{"line":136,"column":78}},"35":{"start":{"line":137,"column":10},"end":{"line":198,"column":13}},"36":{"start":{"line":140,"column":28},"end":{"line":176,"column":13}},"37":{"start":{"line":145,"column":18},"end":{"line":145,"column":78}},"38":{"start":{"line":155,"column":20},"end":{"line":156,"column":53}},"39":{"start":{"line":177,"column":30},"end":{"line":180,"column":13}},"40":{"start":{"line":179,"column":23},"end":{"line":179,"column":73}},"41":{"start":{"line":181,"column":12},"end":{"line":183,"column":15}},"42":{"start":{"line":184,"column":12},"end":{"line":197,"column":14}},"43":{"start":{"line":188,"column":31},"end":{"line":196,"column":15}},"44":{"start":{"line":206,"column":2},"end":{"line":206,"column":42}},"45":{"start":{"line":210,"column":2},"end":{"line":227,"column":5}},"46":{"start":{"line":211,"column":28},"end":{"line":211,"column":51}},"47":{"start":{"line":212,"column":20},"end":{"line":212,"column":45}},"48":{"start":{"line":213,"column":4},"end":{"line":226,"column":7}},"49":{"start":{"line":214,"column":6},"end":{"line":225,"column":9}},"50":{"start":{"line":215,"column":27},"end":{"line":215,"column":67}},"51":{"start":{"line":216,"column":8},"end":{"line":223,"column":9}},"52":{"start":{"line":217,"column":10},"end":{"line":222,"column":12}},"53":{"start":{"line":224,"column":8},"end":{"line":224,"column":42}},"54":{"start":{"line":231,"column":2},"end":{"line":231,"column":41}},"55":{"start":{"line":235,"column":2},"end":{"line":269,"column":4}},"56":{"start":{"line":236,"column":4},"end":{"line":268,"column":6}},"57":{"start":{"line":237,"column":40},"end":{"line":237,"column":63}},"58":{"start":{"line":238,"column":24},"end":{"line":238,"column":49}},"59":{"start":{"line":239,"column":22},"end":{"line":256,"column":7}},"60":{"start":{"line":243,"column":19},"end":{"line":243,"column":71}},"61":{"start":{"line":257,"column":6},"end":{"line":267,"column":9}},"62":{"start":{"line":260,"column":8},"end":{"line":262,"column":11}},"63":{"start":{"line":263,"column":8},"end":{"line":266,"column":10}},"64":{"start":{"line":273,"column":2},"end":{"line":273,"column":40}}},"fnMap":{"0":{"name":"fetchImgs$","decl":{"start":{"line":38,"column":9},"end":{"line":38,"column":19}},"loc":{"start":{"line":38,"column":29},"end":{"line":51,"column":1}},"line":38},"1":{"name":"fetchImgPageHandler","decl":{"start":{"line":42,"column":23},"end":{"line":42,"column":42}},"loc":{"start":{"line":42,"column":57},"end":{"line":50,"column":3}},"line":42},"2":{"name":"fetchScript$","decl":{"start":{"line":53,"column":9},"end":{"line":53,"column":21}},"loc":{"start":{"line":53,"column":42},"end":{"line":69,"column":1}},"line":53},"3":{"name":"scriptURLHandler","decl":{"start":{"line":57,"column":23},"end":{"line":57,"column":39}},"loc":{"start":{"line":57,"column":54},"end":{"line":68,"column":3}},"line":57},"4":{"name":"(anonymous_4)","decl":{"start":{"line":63,"column":53},"end":{"line":63,"column":54}},"loc":{"start":{"line":63,"column":64},"end":{"line":66,"column":5}},"line":63},"5":{"name":"fetchImgSrcEpic","decl":{"start":{"line":71,"column":16},"end":{"line":71,"column":31}},"loc":{"start":{"line":71,"column":77},"end":{"line":87,"column":1}},"line":71},"6":{"name":"(anonymous_6)","decl":{"start":{"line":72,"column":50},"end":{"line":72,"column":51}},"loc":{"start":{"line":72,"column":60},"end":{"line":86,"column":3}},"line":72},"7":{"name":"(anonymous_7)","decl":{"start":{"line":75,"column":14},"end":{"line":75,"column":15}},"loc":{"start":{"line":75,"column":22},"end":{"line":82,"column":7}},"line":75},"8":{"name":"(anonymous_8)","decl":{"start":{"line":83,"column":11},"end":{"line":83,"column":12}},"loc":{"start":{"line":83,"column":17},"end":{"line":85,"column":7}},"line":83},"9":{"name":"fetchImgSrc","decl":{"start":{"line":89,"column":16},"end":{"line":89,"column":27}},"loc":{"start":{"line":89,"column":56},"end":{"line":91,"column":1}},"line":89},"10":{"name":"fetchChapterPage$","decl":{"start":{"line":93,"column":16},"end":{"line":93,"column":33}},"loc":{"start":{"line":93,"column":47},"end":{"line":121,"column":1}},"line":93},"11":{"name":"fetchChapterPageHandler","decl":{"start":{"line":97,"column":23},"end":{"line":97,"column":46}},"loc":{"start":{"line":97,"column":61},"end":{"line":120,"column":3}},"line":97},"12":{"name":"(anonymous_12)","decl":{"start":{"line":105,"column":41},"end":{"line":105,"column":42}},"loc":{"start":{"line":106,"column":6},"end":{"line":106,"column":50}},"line":106},"13":{"name":"(anonymous_13)","decl":{"start":{"line":110,"column":6},"end":{"line":110,"column":7}},"loc":{"start":{"line":110,"column":19},"end":{"line":116,"column":7}},"line":110},"14":{"name":"fetchChapterEpic","decl":{"start":{"line":123,"column":16},"end":{"line":123,"column":32}},"loc":{"start":{"line":123,"column":47},"end":{"line":203,"column":1}},"line":123},"15":{"name":"(anonymous_15)","decl":{"start":{"line":124,"column":48},"end":{"line":124,"column":49}},"loc":{"start":{"line":125,"column":4},"end":{"line":201,"column":6}},"line":125},"16":{"name":"(anonymous_16)","decl":{"start":{"line":125,"column":40},"end":{"line":125,"column":41}},"loc":{"start":{"line":125,"column":78},"end":{"line":201,"column":5}},"line":125},"17":{"name":"(anonymous_17)","decl":{"start":{"line":128,"column":57},"end":{"line":128,"column":58}},"loc":{"start":{"line":128,"column":74},"end":{"line":132,"column":9}},"line":128},"18":{"name":"(anonymous_18)","decl":{"start":{"line":135,"column":19},"end":{"line":135,"column":20}},"loc":{"start":{"line":135,"column":67},"end":{"line":199,"column":9}},"line":135},"19":{"name":"(anonymous_19)","decl":{"start":{"line":136,"column":54},"end":{"line":136,"column":55}},"loc":{"start":{"line":136,"column":62},"end":{"line":136,"column":78}},"line":136},"20":{"name":"(anonymous_20)","decl":{"start":{"line":139,"column":23},"end":{"line":139,"column":24}},"loc":{"start":{"line":139,"column":31},"end":{"line":198,"column":11}},"line":139},"21":{"name":"(anonymous_21)","decl":{"start":{"line":144,"column":16},"end":{"line":144,"column":17}},"loc":{"start":{"line":145,"column":18},"end":{"line":145,"column":78}},"line":145},"22":{"name":"(anonymous_22)","decl":{"start":{"line":154,"column":18},"end":{"line":154,"column":19}},"loc":{"start":{"line":155,"column":20},"end":{"line":156,"column":53}},"line":155},"23":{"name":"(anonymous_23)","decl":{"start":{"line":179,"column":14},"end":{"line":179,"column":15}},"loc":{"start":{"line":179,"column":23},"end":{"line":179,"column":73}},"line":179},"24":{"name":"(anonymous_24)","decl":{"start":{"line":188,"column":25},"end":{"line":188,"column":26}},"loc":{"start":{"line":188,"column":31},"end":{"line":196,"column":15}},"line":188},"25":{"name":"fetchChapter","decl":{"start":{"line":205,"column":16},"end":{"line":205,"column":28}},"loc":{"start":{"line":205,"column":46},"end":{"line":207,"column":1}},"line":205},"26":{"name":"fetchImgListEpic","decl":{"start":{"line":209,"column":16},"end":{"line":209,"column":32}},"loc":{"start":{"line":209,"column":78},"end":{"line":228,"column":1}},"line":209},"27":{"name":"(anonymous_27)","decl":{"start":{"line":210,"column":49},"end":{"line":210,"column":50}},"loc":{"start":{"line":210,"column":59},"end":{"line":227,"column":3}},"line":210},"28":{"name":"(anonymous_28)","decl":{"start":{"line":213,"column":40},"end":{"line":213,"column":41}},"loc":{"start":{"line":213,"column":59},"end":{"line":226,"column":5}},"line":213},"29":{"name":"(anonymous_29)","decl":{"start":{"line":214,"column":55},"end":{"line":214,"column":56}},"loc":{"start":{"line":214,"column":72},"end":{"line":225,"column":7}},"line":214},"30":{"name":"fetchImgList","decl":{"start":{"line":230,"column":16},"end":{"line":230,"column":28}},"loc":{"start":{"line":230,"column":44},"end":{"line":232,"column":1}},"line":230},"31":{"name":"updateReadedEpic","decl":{"start":{"line":234,"column":16},"end":{"line":234,"column":32}},"loc":{"start":{"line":234,"column":78},"end":{"line":270,"column":1}},"line":234},"32":{"name":"(anonymous_32)","decl":{"start":{"line":235,"column":48},"end":{"line":235,"column":49}},"loc":{"start":{"line":236,"column":4},"end":{"line":268,"column":6}},"line":236},"33":{"name":"(anonymous_33)","decl":{"start":{"line":236,"column":65},"end":{"line":236,"column":66}},"loc":{"start":{"line":236,"column":73},"end":{"line":268,"column":5}},"line":236},"34":{"name":"(anonymous_34)","decl":{"start":{"line":243,"column":10},"end":{"line":243,"column":11}},"loc":{"start":{"line":243,"column":19},"end":{"line":243,"column":71}},"line":243},"35":{"name":"(anonymous_35)","decl":{"start":{"line":259,"column":17},"end":{"line":259,"column":18}},"loc":{"start":{"line":259,"column":23},"end":{"line":267,"column":7}},"line":259},"36":{"name":"updateReaded","decl":{"start":{"line":272,"column":16},"end":{"line":272,"column":28}},"loc":{"start":{"line":272,"column":44},"end":{"line":274,"column":1}},"line":272}},"branchMap":{"0":{"loc":{"start":{"line":77,"column":10},"end":{"line":80,"column":37}},"type":"binary-expr","locations":[{"start":{"line":77,"column":10},"end":{"line":77,"column":30}},{"start":{"line":78,"column":10},"end":{"line":78,"column":28}},{"start":{"line":79,"column":10},"end":{"line":79,"column":30}},{"start":{"line":80,"column":10},"end":{"line":80,"column":37}}],"line":77},"1":{"loc":{"start":{"line":145,"column":18},"end":{"line":145,"column":78}},"type":"binary-expr","locations":[{"start":{"line":145,"column":18},"end":{"line":145,"column":42}},{"start":{"line":145,"column":46},"end":{"line":145,"column":78}}],"line":145},"2":{"loc":{"start":{"line":155,"column":20},"end":{"line":156,"column":53}},"type":"binary-expr","locations":[{"start":{"line":155,"column":20},"end":{"line":155,"column":45}},{"start":{"line":156,"column":20},"end":{"line":156,"column":53}}],"line":155},"3":{"loc":{"start":{"line":169,"column":24},"end":{"line":171,"column":26}},"type":"cond-expr","locations":[{"start":{"line":170,"column":24},"end":{"line":170,"column":56}},{"start":{"line":171,"column":24},"end":{"line":171,"column":26}}],"line":169},"4":{"loc":{"start":{"line":179,"column":23},"end":{"line":179,"column":73}},"type":"binary-expr","locations":[{"start":{"line":179,"column":23},"end":{"line":179,"column":42}},{"start":{"line":179,"column":46},"end":{"line":179,"column":73}}],"line":179},"5":{"loc":{"start":{"line":182,"column":23},"end":{"line":182,"column":79}},"type":"cond-expr","locations":[{"start":{"line":182,"column":53},"end":{"line":182,"column":55}},{"start":{"line":182,"column":58},"end":{"line":182,"column":79}}],"line":182},"6":{"loc":{"start":{"line":216,"column":8},"end":{"line":223,"column":9}},"type":"if","locations":[{"start":{"line":216,"column":8},"end":{"line":223,"column":9}},{"start":{"line":216,"column":8},"end":{"line":223,"column":9}}],"line":216},"7":{"loc":{"start":{"line":243,"column":19},"end":{"line":243,"column":71}},"type":"binary-expr","locations":[{"start":{"line":243,"column":19},"end":{"line":243,"column":38}},{"start":{"line":243,"column":42},"end":{"line":243,"column":71}}],"line":243},"8":{"loc":{"start":{"line":261,"column":19},"end":{"line":261,"column":75}},"type":"cond-expr","locations":[{"start":{"line":261,"column":49},"end":{"line":261,"column":51}},{"start":{"line":261,"column":54},"end":{"line":261,"column":75}}],"line":261}},"s":{"0":1,"1":1,"2":1,"3":1,"4":1,"5":0,"6":0,"7":0,"8":0,"9":0,"10":0,"11":0,"12":0,"13":0,"14":0,"15":0,"16":0,"17":0,"18":0,"19":0,"20":0,"21":0,"22":0,"23":0,"24":0,"25":0,"26":0,"27":0,"28":0,"29":0,"30":0,"31":0,"32":0,"33":0,"34":0,"35":0,"36":0,"37":0,"38":0,"39":0,"40":0,"41":0,"42":0,"43":0,"44":0,"45":0,"46":0,"47":0,"48":0,"49":0,"50":0,"51":0,"52":0,"53":0,"54":0,"55":0,"56":0,"57":0,"58":0,"59":0,"60":0,"61":0,"62":0,"63":0,"64":0},"f":{"0":0,"1":0,"2":0,"3":0,"4":0,"5":0,"6":0,"7":0,"8":0,"9":0,"10":0,"11":0,"12":0,"13":0,"14":0,"15":0,"16":0,"17":0,"18":0,"19":0,"20":0,"21":0,"22":0,"23":0,"24":0,"25":0,"26":0,"27":0,"28":0,"29":0,"30":0,"31":0,"32":0,"33":0,"34":0,"35":0,"36":0},"b":{"0":[0,0,0,0],"1":[0,0],"2":[0,0],"3":[0,0],"4":[0,0],"5":[0,0],"6":[0,0],"7":[0,0],"8":[0,0]},"_coverageSchema":"332fd63041d2c1bcb487cc26dd0d5f7d97098a6c","hash":"04c907d5858f359b76da9ff473455380d1acf6a5"}
}
