TN:
SF:/Users/jc0362/Dropbox/ComicsScroller/src/js/component/ComicImage/index.jsx
FN:7,getImgClass
FN:42,(anonymous_1)
FN:58,(anonymous_2)
FN:78,makeMapStateToProps
FN:80,mapStateToProps
FNF:5
FNH:2
FNDA:1,getImgClass
FNDA:0,(anonymous_1)
FNDA:1,(anonymous_2)
FNDA:0,makeMapStateToProps
FNDA:0,mapStateToProps
DA:8,1
DA:10,0
DA:12,0
DA:14,0
DA:16,0
DA:18,1
DA:43,0
DA:44,0
DA:45,0
DA:46,0
DA:47,0
DA:48,0
DA:50,0
DA:53,0
DA:55,0
DA:59,1
DA:79,0
DA:80,0
DA:81,0
LF:19
LH:3
BRDA:8,0,0,0
BRDA:8,0,1,0
BRDA:8,0,2,0
BRDA:8,0,3,0
BRDA:8,0,4,1
BRDA:46,1,0,0
BRDA:46,1,1,0
BRDA:47,2,0,0
BRDA:47,2,1,0
BRDA:61,3,0,1
BRDA:61,3,1,0
BRDA:61,4,0,1
BRDA:61,4,1,1
BRDA:64,5,0,1
BRDA:64,5,1,0
BRDA:64,6,0,1
BRDA:64,6,1,1
BRDA:66,7,0,0
BRDA:66,7,1,1
BRDA:72,8,0,0
BRDA:72,8,1,1
BRF:21
BRH:9
end_of_record
TN:
SF:/Users/jc0362/Dropbox/ComicsScroller/src/js/component/Loading/index.jsx
FN:6,(anonymous_0)
FNF:1
FNH:1
FNDA:2,(anonymous_0)
DA:7,2
LF:1
LH:1
BRF:0
BRH:0
end_of_record
TN:
SF:/Users/jc0362/Dropbox/ComicsScroller/src/js/container/App/reducers/comicBusEpic.js
FN:42,fetchImgs$
FN:46,fetchImgPageHandler
FN:66,(anonymous_2)
FN:70,(anonymous_3)
FN:71,(anonymous_4)
FN:117,fetchImgSrcEpic
FN:118,(anonymous_6)
FN:121,(anonymous_7)
FN:129,(anonymous_8)
FN:135,fetchImgSrc
FN:139,fetchChapterPage$
FN:143,fetchChapterPageHandler
FN:153,(anonymous_12)
FN:157,(anonymous_13)
FN:165,(anonymous_14)
FN:181,(anonymous_15)
FN:200,fetchChapterEpic
FN:201,(anonymous_17)
FN:202,(anonymous_18)
FN:210,(anonymous_19)
FN:213,(anonymous_20)
FN:217,(anonymous_21)
FN:222,(anonymous_22)
FN:233,(anonymous_23)
FN:261,(anonymous_24)
FN:267,(anonymous_25)
FN:284,fetchChapter
FN:288,fetchImgListEpic
FN:289,(anonymous_28)
FN:292,(anonymous_29)
FN:307,fetchImgList
FN:311,updateReadedEpic
FN:312,(anonymous_32)
FN:313,(anonymous_33)
FN:320,(anonymous_34)
FN:336,(anonymous_35)
FN:349,updateReaded
FNF:37
FNH:0
FNDA:0,fetchImgs$
FNDA:0,fetchImgPageHandler
FNDA:0,(anonymous_2)
FNDA:0,(anonymous_3)
FNDA:0,(anonymous_4)
FNDA:0,fetchImgSrcEpic
FNDA:0,(anonymous_6)
FNDA:0,(anonymous_7)
FNDA:0,(anonymous_8)
FNDA:0,fetchImgSrc
FNDA:0,fetchChapterPage$
FNDA:0,fetchChapterPageHandler
FNDA:0,(anonymous_12)
FNDA:0,(anonymous_13)
FNDA:0,(anonymous_14)
FNDA:0,(anonymous_15)
FNDA:0,fetchChapterEpic
FNDA:0,(anonymous_17)
FNDA:0,(anonymous_18)
FNDA:0,(anonymous_19)
FNDA:0,(anonymous_20)
FNDA:0,(anonymous_21)
FNDA:0,(anonymous_22)
FNDA:0,(anonymous_23)
FNDA:0,(anonymous_24)
FNDA:0,(anonymous_25)
FNDA:0,fetchChapter
FNDA:0,fetchImgListEpic
FNDA:0,(anonymous_28)
FNDA:0,(anonymous_29)
FNDA:0,fetchImgList
FNDA:0,updateReadedEpic
FNDA:0,(anonymous_32)
FNDA:0,(anonymous_33)
FNDA:0,(anonymous_34)
FNDA:0,(anonymous_35)
FNDA:0,updateReaded
DA:31,1
DA:32,1
DA:33,1
DA:34,1
DA:35,1
DA:43,0
DA:48,0
DA:53,0
DA:54,0
DA:55,0
DA:57,0
DA:58,0
DA:59,0
DA:61,0
DA:62,0
DA:64,0
DA:66,0
DA:67,0
DA:68,0
DA:70,0
DA:71,0
DA:72,0
DA:74,0
DA:75,0
DA:77,0
DA:78,0
DA:79,0
DA:82,0
DA:83,0
DA:84,0
DA:86,0
DA:87,0
DA:89,0
DA:90,0
DA:91,0
DA:92,0
DA:94,0
DA:95,0
DA:96,0
DA:99,0
DA:100,0
DA:102,0
DA:105,0
DA:106,0
DA:112,0
DA:118,0
DA:119,0
DA:120,0
DA:122,0
DA:130,0
DA:136,0
DA:140,0
DA:144,0
DA:145,0
DA:146,0
DA:149,0
DA:152,0
DA:154,0
DA:155,0
DA:158,0
DA:159,0
DA:162,0
DA:166,0
DA:167,0
DA:182,0
DA:183,0
DA:196,0
DA:201,0
DA:202,0
DA:203,0
DA:211,0
DA:213,0
DA:215,0
DA:218,0
DA:223,0
DA:234,0
DA:256,0
DA:259,0
DA:261,0
DA:263,0
DA:267,0
DA:285,0
DA:289,0
DA:290,0
DA:291,0
DA:292,0
DA:293,0
DA:294,0
DA:295,0
DA:302,0
DA:308,0
DA:312,0
DA:313,0
DA:314,0
DA:315,0
DA:316,0
DA:320,0
DA:334,0
DA:337,0
DA:340,0
DA:350,0
LF:101
LH:5
BRDA:54,0,0,0
BRDA:54,0,1,0
BRDA:58,1,0,0
BRDA:58,1,1,0
BRDA:61,2,0,0
BRDA:61,2,1,0
BRDA:68,3,0,0
BRDA:68,3,1,0
BRDA:70,4,0,0
BRDA:70,4,1,0
BRDA:70,5,0,0
BRDA:70,5,1,0
BRDA:77,6,0,0
BRDA:77,6,1,0
BRDA:82,7,0,0
BRDA:82,7,1,0
BRDA:94,8,0,0
BRDA:94,8,1,0
BRDA:99,9,0,0
BRDA:99,9,1,0
BRDA:123,10,0,0
BRDA:123,10,1,0
BRDA:123,10,2,0
BRDA:123,10,3,0
BRDA:170,11,0,0
BRDA:170,11,1,0
BRDA:186,12,0,0
BRDA:186,12,1,0
BRDA:223,13,0,0
BRDA:223,13,1,0
BRDA:234,14,0,0
BRDA:234,14,1,0
BRDA:248,15,0,0
BRDA:248,15,1,0
BRDA:257,16,0,0
BRDA:257,16,1,0
BRDA:261,17,0,0
BRDA:261,17,1,0
BRDA:294,18,0,0
BRDA:294,18,1,0
BRDA:320,19,0,0
BRDA:320,19,1,0
BRDA:338,20,0,0
BRDA:338,20,1,0
BRF:44
BRH:0
end_of_record
TN:
SF:/Users/jc0362/Dropbox/ComicsScroller/src/js/container/App/reducers/comics.js
FN:72,comics
FN:121,(anonymous_1)
FN:128,(anonymous_2)
FN:223,updateTitle
FN:227,updateComicsID
FN:231,updateSubscribe
FN:235,updateReadedChapters
FN:239,updateChapters
FN:243,updateChapterList
FN:247,updateChapterLatestIndex
FN:251,updateChapterNowIndex
FN:255,updateRenderIndex
FN:259,concatImageList
FN:263,loadImgSrc
FN:267,updateImgType
FN:271,resetImg
FN:275,updateInnerHeight
FNF:17
FNH:0
FNDA:0,comics
FNDA:0,(anonymous_1)
FNDA:0,(anonymous_2)
FNDA:0,updateTitle
FNDA:0,updateComicsID
FNDA:0,updateSubscribe
FNDA:0,updateReadedChapters
FNDA:0,updateChapters
FNDA:0,updateChapterList
FNDA:0,updateChapterLatestIndex
FNDA:0,updateChapterNowIndex
FNDA:0,updateRenderIndex
FNDA:0,concatImageList
FNDA:0,loadImgSrc
FNDA:0,updateImgType
FNDA:0,resetImg
FNDA:0,updateInnerHeight
DA:36,1
DA:56,1
DA:57,1
DA:58,1
DA:59,1
DA:60,1
DA:61,1
DA:62,1
DA:63,1
DA:64,1
DA:65,1
DA:66,1
DA:67,1
DA:68,1
DA:69,1
DA:70,1
DA:73,0
DA:75,0
DA:76,0
DA:91,0
DA:93,0
DA:94,0
DA:109,0
DA:111,0
DA:112,0
DA:113,0
DA:121,0
DA:128,0
DA:149,0
DA:151,0
DA:156,0
DA:157,0
DA:158,0
DA:159,0
DA:165,0
DA:170,0
DA:176,0
DA:181,0
DA:186,0
DA:191,0
DA:196,0
DA:201,0
DA:206,0
DA:214,0
DA:219,0
DA:224,0
DA:228,0
DA:232,0
DA:236,0
DA:240,0
DA:244,0
DA:248,0
DA:252,0
DA:256,0
DA:260,0
DA:264,0
DA:268,0
DA:272,0
DA:276,0
LF:59
LH:16
BRDA:72,0,0,0
BRDA:73,1,0,0
BRDA:73,1,1,0
BRDA:73,1,2,0
BRDA:73,1,3,0
BRDA:73,1,4,0
BRDA:73,1,5,0
BRDA:73,1,6,0
BRDA:73,1,7,0
BRDA:73,1,8,0
BRDA:73,1,9,0
BRDA:73,1,10,0
BRDA:73,1,11,0
BRDA:73,1,12,0
BRDA:73,1,13,0
BRDA:73,1,14,0
BRDA:75,2,0,0
BRDA:75,2,1,0
BRDA:93,3,0,0
BRDA:93,3,1,0
BRDA:111,4,0,0
BRDA:111,4,1,0
BRDA:111,5,0,0
BRDA:111,5,1,0
BRDA:156,6,0,0
BRDA:156,6,1,0
BRDA:156,7,0,0
BRDA:156,7,1,0
BRF:28
BRH:0
end_of_record
TN:
SF:/Users/jc0362/Dropbox/ComicsScroller/src/js/container/App/reducers/dm5Epic.js
FN:36,fetchImgs$
FN:40,fetchImgPageHandler
FN:47,(anonymous_2)
FN:59,fetchImgSrcEpic
FN:60,(anonymous_4)
FN:63,(anonymous_5)
FN:71,(anonymous_6)
FN:76,fetchImgSrcHandler
FN:95,fetchImgSrc
FN:99,fetchChapterPage$
FN:103,fetchChapterPageHandler
FN:107,(anonymous_11)
FN:112,(anonymous_12)
FN:117,(anonymous_13)
FN:130,fetchChapterEpic
FN:131,(anonymous_15)
FN:132,(anonymous_16)
FN:140,(anonymous_17)
FN:141,(anonymous_18)
FN:144,(anonymous_19)
FN:149,(anonymous_20)
FN:159,(anonymous_21)
FN:184,(anonymous_22)
FN:190,(anonymous_23)
FN:207,fetchChapter
FN:211,fetchImgListEpic
FN:212,(anonymous_26)
FN:214,(anonymous_27)
FN:229,fetchImgList
FN:233,updateReadedEpic
FN:234,(anonymous_30)
FN:235,(anonymous_31)
FN:242,(anonymous_32)
FN:258,(anonymous_33)
FN:271,updateReaded
FNF:35
FNH:0
FNDA:0,fetchImgs$
FNDA:0,fetchImgPageHandler
FNDA:0,(anonymous_2)
FNDA:0,fetchImgSrcEpic
FNDA:0,(anonymous_4)
FNDA:0,(anonymous_5)
FNDA:0,(anonymous_6)
FNDA:0,fetchImgSrcHandler
FNDA:0,fetchImgSrc
FNDA:0,fetchChapterPage$
FNDA:0,fetchChapterPageHandler
FNDA:0,(anonymous_11)
FNDA:0,(anonymous_12)
FNDA:0,(anonymous_13)
FNDA:0,fetchChapterEpic
FNDA:0,(anonymous_15)
FNDA:0,(anonymous_16)
FNDA:0,(anonymous_17)
FNDA:0,(anonymous_18)
FNDA:0,(anonymous_19)
FNDA:0,(anonymous_20)
FNDA:0,(anonymous_21)
FNDA:0,(anonymous_22)
FNDA:0,(anonymous_23)
FNDA:0,fetchChapter
FNDA:0,fetchImgListEpic
FNDA:0,(anonymous_26)
FNDA:0,(anonymous_27)
FNDA:0,fetchImgList
FNDA:0,updateReadedEpic
FNDA:0,(anonymous_30)
FNDA:0,(anonymous_31)
FNDA:0,(anonymous_32)
FNDA:0,(anonymous_33)
FNDA:0,updateReaded
DA:30,1
DA:31,1
DA:32,1
DA:33,1
DA:34,1
DA:37,0
DA:41,0
DA:42,0
DA:44,0
DA:45,0
DA:46,0
DA:47,0
DA:51,0
DA:60,0
DA:61,0
DA:62,0
DA:64,0
DA:72,0
DA:80,0
DA:81,0
DA:82,0
DA:83,0
DA:84,0
DA:85,0
DA:86,0
DA:88,0
DA:96,0
DA:100,0
DA:104,0
DA:107,0
DA:108,0
DA:109,0
DA:112,0
DA:113,0
DA:115,0
DA:117,0
DA:126,0
DA:131,0
DA:132,0
DA:133,0
DA:141,0
DA:142,0
DA:145,0
DA:150,0
DA:160,0
DA:182,0
DA:184,0
DA:186,0
DA:190,0
DA:208,0
DA:212,0
DA:213,0
DA:214,0
DA:215,0
DA:216,0
DA:217,0
DA:224,0
DA:230,0
DA:234,0
DA:235,0
DA:236,0
DA:237,0
DA:238,0
DA:242,0
DA:256,0
DA:259,0
DA:262,0
DA:272,0
LF:68
LH:5
BRDA:65,0,0,0
BRDA:65,0,1,0
BRDA:65,0,2,0
BRDA:65,0,3,0
BRDA:81,1,0,0
BRDA:81,1,1,0
BRDA:81,2,0,0
BRDA:81,2,1,0
BRDA:81,2,2,0
BRDA:83,3,0,0
BRDA:83,3,1,0
BRDA:85,4,0,0
BRDA:85,4,1,0
BRDA:150,5,0,0
BRDA:150,5,1,0
BRDA:160,6,0,0
BRDA:160,6,1,0
BRDA:174,7,0,0
BRDA:174,7,1,0
BRDA:184,8,0,0
BRDA:184,8,1,0
BRDA:216,9,0,0
BRDA:216,9,1,0
BRDA:242,10,0,0
BRDA:242,10,1,0
BRDA:260,11,0,0
BRDA:260,11,1,0
BRF:27
BRH:0
end_of_record
TN:
SF:/Users/jc0362/Dropbox/ComicsScroller/src/js/container/App/reducers/getAction.js
FN:35,getInfor
FN:57,getAction
FN:85,getEpic
FNF:3
FNH:3
FNDA:1,getInfor
FNDA:1,getAction
FNDA:1,getEpic
DA:36,1
DA:38,0
DA:43,0
DA:48,0
DA:53,1
DA:58,1
DA:60,0
DA:67,0
DA:74,0
DA:81,1
DA:86,1
DA:88,0
DA:95,0
DA:102,0
DA:109,1
DA:113,1
DA:117,1
DA:124,1
DA:131,1
LF:19
LH:10
BRDA:36,0,0,0
BRDA:36,0,1,0
BRDA:36,0,2,0
BRDA:36,0,3,1
BRDA:58,1,0,0
BRDA:58,1,1,0
BRDA:58,1,2,0
BRDA:58,1,3,1
BRDA:86,2,0,0
BRDA:86,2,1,0
BRDA:86,2,2,0
BRDA:86,2,3,1
BRDA:113,3,0,0
BRDA:113,3,1,1
BRF:14
BRH:4
end_of_record
TN:
SF:/Users/jc0362/Dropbox/ComicsScroller/src/js/container/App/reducers/scrollEpic.js
FN:41,fromScrollEvent
FN:44,(anonymous_1)
FN:72,(anonymous_2)
FN:95,scrollEpic
FN:101,(anonymous_4)
FN:104,startScroll
FN:108,stopScroll
FNF:7
FNH:0
FNDA:0,fromScrollEvent
FNDA:0,(anonymous_1)
FNDA:0,(anonymous_2)
FNDA:0,scrollEpic
FNDA:0,(anonymous_4)
FNDA:0,startScroll
FNDA:0,stopScroll
DA:11,1
DA:12,1
DA:39,1
DA:42,0
DA:45,0
DA:53,0
DA:54,0
DA:55,0
DA:56,0
DA:57,0
DA:58,0
DA:59,0
DA:60,0
DA:61,0
DA:63,0
DA:64,0
DA:66,0
DA:69,0
DA:70,0
DA:72,0
DA:74,0
DA:75,0
DA:76,0
DA:81,0
DA:82,0
DA:87,0
DA:88,0
DA:90,0
DA:99,0
DA:101,0
DA:105,0
DA:109,0
LF:32
LH:3
BRDA:56,0,0,0
BRDA:56,0,1,0
BRDA:60,1,0,0
BRDA:60,1,1,0
BRDA:63,2,0,0
BRDA:63,2,1,0
BRDA:75,3,0,0
BRDA:75,3,1,0
BRDA:81,4,0,0
BRDA:81,4,1,0
BRDA:81,5,0,0
BRDA:81,5,1,0
BRDA:87,6,0,0
BRDA:87,6,1,0
BRF:14
BRH:0
end_of_record
TN:
SF:/Users/jc0362/Dropbox/ComicsScroller/src/js/container/App/reducers/sfEpic.js
FN:38,fetchImgs$
FN:42,fetchImgPageHandler
FN:53,fetchScript$
FN:57,scriptURLHandler
FN:63,(anonymous_4)
FN:71,fetchImgSrcEpic
FN:72,(anonymous_6)
FN:75,(anonymous_7)
FN:83,(anonymous_8)
FN:89,fetchImgSrc
FN:93,fetchChapterPage$
FN:97,fetchChapterPageHandler
FN:105,(anonymous_12)
FN:110,(anonymous_13)
FN:123,fetchChapterEpic
FN:124,(anonymous_15)
FN:125,(anonymous_16)
FN:128,(anonymous_17)
FN:135,(anonymous_18)
FN:136,(anonymous_19)
FN:139,(anonymous_20)
FN:144,(anonymous_21)
FN:154,(anonymous_22)
FN:179,(anonymous_23)
FN:188,(anonymous_24)
FN:205,fetchChapter
FN:209,fetchImgListEpic
FN:210,(anonymous_27)
FN:213,(anonymous_28)
FN:214,(anonymous_29)
FN:230,fetchImgList
FN:234,updateReadedEpic
FN:235,(anonymous_32)
FN:236,(anonymous_33)
FN:243,(anonymous_34)
FN:259,(anonymous_35)
FN:272,updateReaded
FNF:37
FNH:0
FNDA:0,fetchImgs$
FNDA:0,fetchImgPageHandler
FNDA:0,fetchScript$
FNDA:0,scriptURLHandler
FNDA:0,(anonymous_4)
FNDA:0,fetchImgSrcEpic
FNDA:0,(anonymous_6)
FNDA:0,(anonymous_7)
FNDA:0,(anonymous_8)
FNDA:0,fetchImgSrc
FNDA:0,fetchChapterPage$
FNDA:0,fetchChapterPageHandler
FNDA:0,(anonymous_12)
FNDA:0,(anonymous_13)
FNDA:0,fetchChapterEpic
FNDA:0,(anonymous_15)
FNDA:0,(anonymous_16)
FNDA:0,(anonymous_17)
FNDA:0,(anonymous_18)
FNDA:0,(anonymous_19)
FNDA:0,(anonymous_20)
FNDA:0,(anonymous_21)
FNDA:0,(anonymous_22)
FNDA:0,(anonymous_23)
FNDA:0,(anonymous_24)
FNDA:0,fetchChapter
FNDA:0,fetchImgListEpic
FNDA:0,(anonymous_27)
FNDA:0,(anonymous_28)
FNDA:0,(anonymous_29)
FNDA:0,fetchImgList
FNDA:0,updateReadedEpic
FNDA:0,(anonymous_32)
FNDA:0,(anonymous_33)
FNDA:0,(anonymous_34)
FNDA:0,(anonymous_35)
FNDA:0,updateReaded
DA:31,1
DA:32,1
DA:33,1
DA:34,1
DA:35,1
DA:39,0
DA:43,0
DA:46,0
DA:49,0
DA:54,0
DA:61,0
DA:63,0
DA:67,0
DA:72,0
DA:73,0
DA:74,0
DA:76,0
DA:84,0
DA:90,0
DA:94,0
DA:98,0
DA:101,0
DA:104,0
DA:105,0
DA:106,0
DA:108,0
DA:110,0
DA:119,0
DA:124,0
DA:125,0
DA:126,0
DA:128,0
DA:136,0
DA:137,0
DA:140,0
DA:145,0
DA:155,0
DA:177,0
DA:179,0
DA:181,0
DA:184,0
DA:188,0
DA:206,0
DA:210,0
DA:211,0
DA:212,0
DA:213,0
DA:214,0
DA:215,0
DA:216,0
DA:217,0
DA:224,0
DA:231,0
DA:235,0
DA:236,0
DA:237,0
DA:238,0
DA:239,0
DA:243,0
DA:257,0
DA:260,0
DA:263,0
DA:273,0
LF:63
LH:5
BRDA:77,0,0,0
BRDA:77,0,1,0
BRDA:77,0,2,0
BRDA:77,0,3,0
BRDA:145,1,0,0
BRDA:145,1,1,0
BRDA:155,2,0,0
BRDA:155,2,1,0
BRDA:169,3,0,0
BRDA:169,3,1,0
BRDA:179,4,0,0
BRDA:179,4,1,0
BRDA:182,5,0,0
BRDA:182,5,1,0
BRDA:216,6,0,0
BRDA:216,6,1,0
BRDA:243,7,0,0
BRDA:243,7,1,0
BRDA:261,8,0,0
BRDA:261,8,1,0
BRF:20
BRH:0
end_of_record
